18/08/04 15:02:46 INFO SparkContext: Running Spark version 2.1.0
18/08/04 15:02:46 WARN NativeCodeLoader: Unable to load native-hadoop library for your platform... using builtin-java classes where applicable
18/08/04 15:02:46 INFO SecurityManager: Changing view acls to: acorn
18/08/04 15:02:46 INFO SecurityManager: Changing modify acls to: acorn
18/08/04 15:02:46 INFO SecurityManager: Changing view acls groups to: 
18/08/04 15:02:46 INFO SecurityManager: Changing modify acls groups to: 
18/08/04 15:02:46 INFO SecurityManager: SecurityManager: authentication disabled; ui acls disabled; users  with view permissions: Set(acorn); groups with view permissions: Set(); users  with modify permissions: Set(acorn); groups with modify permissions: Set()
18/08/04 15:02:47 INFO Utils: Successfully started service 'sparkDriver' on port 51733.
18/08/04 15:02:47 INFO SparkEnv: Registering MapOutputTracker
18/08/04 15:02:47 INFO SparkEnv: Registering BlockManagerMaster
18/08/04 15:02:47 INFO BlockManagerMasterEndpoint: Using org.apache.spark.storage.DefaultTopologyMapper for getting topology information
18/08/04 15:02:47 INFO BlockManagerMasterEndpoint: BlockManagerMasterEndpoint up
18/08/04 15:02:47 INFO DiskBlockManager: Created local directory at C:\Users\acorn\AppData\Local\Temp\blockmgr-673b1e05-91c2-4c34-b877-2728caf56cea
18/08/04 15:02:47 INFO MemoryStore: MemoryStore started with capacity 366.3 MB
18/08/04 15:02:47 INFO SparkEnv: Registering OutputCommitCoordinator
18/08/04 15:02:47 INFO Utils: Successfully started service 'SparkUI' on port 4040.
18/08/04 15:02:47 INFO SparkUI: Bound SparkUI to 127.0.0.1, and started at http://127.0.0.1:4040
18/08/04 15:02:47 INFO SparkContext: Added JAR file:/C:/Users/acorn/Documents/R/win-library/3.5/sparklyr/java/sparklyr-2.1-2.11.jar at spark://127.0.0.1:51733/jars/sparklyr-2.1-2.11.jar with timestamp 1533362567392
18/08/04 15:02:47 INFO Executor: Starting executor ID driver on host localhost
18/08/04 15:02:47 INFO Utils: Successfully started service 'org.apache.spark.network.netty.NettyBlockTransferService' on port 51754.
18/08/04 15:02:47 INFO NettyBlockTransferService: Server created on 127.0.0.1:51754
18/08/04 15:02:47 INFO BlockManager: Using org.apache.spark.storage.RandomBlockReplicationPolicy for block replication policy
18/08/04 15:02:47 INFO BlockManagerMaster: Registering BlockManager BlockManagerId(driver, 127.0.0.1, 51754, None)
18/08/04 15:02:47 INFO BlockManagerMasterEndpoint: Registering block manager 127.0.0.1:51754 with 366.3 MB RAM, BlockManagerId(driver, 127.0.0.1, 51754, None)
18/08/04 15:02:47 INFO BlockManagerMaster: Registered BlockManager BlockManagerId(driver, 127.0.0.1, 51754, None)
18/08/04 15:02:47 INFO BlockManager: Initialized BlockManager: BlockManagerId(driver, 127.0.0.1, 51754, None)
18/08/04 15:02:48 WARN SparkContext: Using an existing SparkContext; some configuration may not take effect.
18/08/04 15:02:48 INFO SharedState: Warehouse path is 'C:/Users/acorn/AppData/Local/spark/spark-2.1.0-bin-hadoop2.7/tmp/hive'.
18/08/04 15:02:48 INFO HiveUtils: Initializing HiveMetastoreConnection version 1.2.1 using Spark classes.
18/08/04 15:02:48 INFO HiveMetaStore: 0: Opening raw store with implemenation class:org.apache.hadoop.hive.metastore.ObjectStore
18/08/04 15:02:48 INFO ObjectStore: ObjectStore, initialize called
18/08/04 15:02:48 INFO Persistence: Property hive.metastore.integral.jdo.pushdown unknown - will be ignored
18/08/04 15:02:48 INFO Persistence: Property datanucleus.cache.level2 unknown - will be ignored
18/08/04 15:02:49 INFO ObjectStore: Setting MetaStore object pin classes with hive.metastore.cache.pinobjtypes="Table,StorageDescriptor,SerDeInfo,Partition,Database,Type,FieldSchema,Order"
18/08/04 15:02:50 INFO Datastore: The class "org.apache.hadoop.hive.metastore.model.MFieldSchema" is tagged as "embedded-only" so does not have its own datastore table.
18/08/04 15:02:50 INFO Datastore: The class "org.apache.hadoop.hive.metastore.model.MOrder" is tagged as "embedded-only" so does not have its own datastore table.
18/08/04 15:02:51 INFO Datastore: The class "org.apache.hadoop.hive.metastore.model.MFieldSchema" is tagged as "embedded-only" so does not have its own datastore table.
18/08/04 15:02:51 INFO Datastore: The class "org.apache.hadoop.hive.metastore.model.MOrder" is tagged as "embedded-only" so does not have its own datastore table.
18/08/04 15:02:51 INFO MetaStoreDirectSql: Using direct SQL, underlying DB is DERBY
18/08/04 15:02:51 INFO ObjectStore: Initialized ObjectStore
18/08/04 15:02:51 WARN ObjectStore: Version information not found in metastore. hive.metastore.schema.verification is not enabled so recording the schema version 1.2.0
18/08/04 15:02:51 WARN ObjectStore: Failed to get database default, returning NoSuchObjectException
18/08/04 15:02:51 INFO HiveMetaStore: Added admin role in metastore
18/08/04 15:02:51 INFO HiveMetaStore: Added public role in metastore
18/08/04 15:02:51 INFO HiveMetaStore: No user is added in admin role, since config is empty
18/08/04 15:02:51 INFO HiveMetaStore: 0: get_all_databases
18/08/04 15:02:51 INFO audit: ugi=acorn	ip=unknown-ip-addr	cmd=get_all_databases	
18/08/04 15:02:51 INFO HiveMetaStore: 0: get_functions: db=default pat=*
18/08/04 15:02:51 INFO audit: ugi=acorn	ip=unknown-ip-addr	cmd=get_functions: db=default pat=*	
18/08/04 15:02:51 INFO Datastore: The class "org.apache.hadoop.hive.metastore.model.MResourceUri" is tagged as "embedded-only" so does not have its own datastore table.
18/08/04 15:02:52 INFO SessionState: Created HDFS directory: C:/Users/acorn/AppData/Local/spark/spark-2.1.0-bin-hadoop2.7/tmp/hive/acorn
18/08/04 15:02:52 INFO SessionState: Created local directory: C:/Users/acorn/AppData/Local/Temp/04661abb-7e63-4b59-a139-227091d0f3aa_resources
18/08/04 15:02:52 INFO SessionState: Created HDFS directory: C:/Users/acorn/AppData/Local/spark/spark-2.1.0-bin-hadoop2.7/tmp/hive/acorn/04661abb-7e63-4b59-a139-227091d0f3aa
18/08/04 15:02:52 INFO SessionState: Created local directory: C:/Users/acorn/AppData/Local/spark/spark-2.1.0-bin-hadoop2.7/tmp/hive/04661abb-7e63-4b59-a139-227091d0f3aa
18/08/04 15:02:52 INFO SessionState: Created HDFS directory: C:/Users/acorn/AppData/Local/spark/spark-2.1.0-bin-hadoop2.7/tmp/hive/acorn/04661abb-7e63-4b59-a139-227091d0f3aa/_tmp_space.db
18/08/04 15:02:52 INFO HiveClientImpl: Warehouse location for Hive client (version 1.2.1) is C:/Users/acorn/AppData/Local/spark/spark-2.1.0-bin-hadoop2.7/tmp/hive
18/08/04 15:02:52 INFO HiveMetaStore: 0: get_database: default
18/08/04 15:02:52 INFO audit: ugi=acorn	ip=unknown-ip-addr	cmd=get_database: default	
18/08/04 15:02:52 INFO HiveMetaStore: 0: get_database: global_temp
18/08/04 15:02:52 INFO audit: ugi=acorn	ip=unknown-ip-addr	cmd=get_database: global_temp	
18/08/04 15:02:52 WARN ObjectStore: Failed to get database global_temp, returning NoSuchObjectException
18/08/04 15:02:52 INFO SparkSqlParser: Parsing command: SHOW TABLES
18/08/04 15:02:53 INFO HiveMetaStore: 0: get_database: default
18/08/04 15:02:53 INFO audit: ugi=acorn	ip=unknown-ip-addr	cmd=get_database: default	
18/08/04 15:02:53 INFO HiveMetaStore: 0: get_database: default
18/08/04 15:02:53 INFO audit: ugi=acorn	ip=unknown-ip-addr	cmd=get_database: default	
18/08/04 15:02:53 INFO HiveMetaStore: 0: get_tables: db=default pat=*
18/08/04 15:02:53 INFO audit: ugi=acorn	ip=unknown-ip-addr	cmd=get_tables: db=default pat=*	
18/08/04 15:02:53 WARN SparkSession$Builder: Using an existing SparkSession; some configuration may not take effect.
18/08/04 15:02:53 INFO SparkSqlParser: Parsing command: SHOW TABLES
18/08/04 15:02:53 INFO HiveMetaStore: 0: get_database: default
18/08/04 15:02:53 INFO audit: ugi=acorn	ip=unknown-ip-addr	cmd=get_database: default	
18/08/04 15:02:53 INFO HiveMetaStore: 0: get_database: default
18/08/04 15:02:53 INFO audit: ugi=acorn	ip=unknown-ip-addr	cmd=get_database: default	
18/08/04 15:02:53 INFO HiveMetaStore: 0: get_tables: db=default pat=*
18/08/04 15:02:53 INFO audit: ugi=acorn	ip=unknown-ip-addr	cmd=get_tables: db=default pat=*	
18/08/04 15:03:13 WARN SparkSession$Builder: Using an existing SparkSession; some configuration may not take effect.
18/08/04 15:03:13 INFO SparkSqlParser: Parsing command: SHOW TABLES
18/08/04 15:03:13 INFO HiveMetaStore: 0: get_database: default
18/08/04 15:03:13 INFO audit: ugi=acorn	ip=unknown-ip-addr	cmd=get_database: default	
18/08/04 15:03:13 INFO HiveMetaStore: 0: get_database: default
18/08/04 15:03:13 INFO audit: ugi=acorn	ip=unknown-ip-addr	cmd=get_database: default	
18/08/04 15:03:13 INFO HiveMetaStore: 0: get_tables: db=default pat=*
18/08/04 15:03:13 INFO audit: ugi=acorn	ip=unknown-ip-addr	cmd=get_tables: db=default pat=*	
18/08/04 15:03:14 INFO CodeGenerator: Code generated in 196.652981 ms
18/08/04 15:03:14 INFO SparkContext: Starting job: collect at utils.scala:44
18/08/04 15:03:14 INFO DAGScheduler: Got job 0 (collect at utils.scala:44) with 1 output partitions
18/08/04 15:03:14 INFO DAGScheduler: Final stage: ResultStage 0 (collect at utils.scala:44)
18/08/04 15:03:14 INFO DAGScheduler: Parents of final stage: List()
18/08/04 15:03:14 INFO DAGScheduler: Missing parents: List()
18/08/04 15:03:14 INFO DAGScheduler: Submitting ResultStage 0 (MapPartitionsRDD[7] at map at utils.scala:41), which has no missing parents
18/08/04 15:03:14 INFO MemoryStore: Block broadcast_0 stored as values in memory (estimated size 8.7 KB, free 366.3 MB)
18/08/04 15:03:14 INFO MemoryStore: Block broadcast_0_piece0 stored as bytes in memory (estimated size 4.6 KB, free 366.3 MB)
18/08/04 15:03:14 INFO BlockManagerInfo: Added broadcast_0_piece0 in memory on 127.0.0.1:51754 (size: 4.6 KB, free: 366.3 MB)
18/08/04 15:03:14 INFO SparkContext: Created broadcast 0 from broadcast at DAGScheduler.scala:996
18/08/04 15:03:14 INFO DAGScheduler: Submitting 1 missing tasks from ResultStage 0 (MapPartitionsRDD[7] at map at utils.scala:41)
18/08/04 15:03:14 INFO TaskSchedulerImpl: Adding task set 0.0 with 1 tasks
18/08/04 15:03:14 INFO TaskSetManager: Starting task 0.0 in stage 0.0 (TID 0, localhost, executor driver, partition 0, PROCESS_LOCAL, 6042 bytes)
18/08/04 15:03:14 INFO Executor: Running task 0.0 in stage 0.0 (TID 0)
18/08/04 15:03:14 INFO Executor: Fetching spark://127.0.0.1:51733/jars/sparklyr-2.1-2.11.jar with timestamp 1533362567392
18/08/04 15:03:14 INFO TransportClientFactory: Successfully created connection to /127.0.0.1:51733 after 10 ms (0 ms spent in bootstraps)
18/08/04 15:03:14 INFO Utils: Fetching spark://127.0.0.1:51733/jars/sparklyr-2.1-2.11.jar to C:\Users\acorn\AppData\Local\Temp\spark-c7db123b-f965-4ded-a52e-951510ff5e31\userFiles-cd7528f9-e2fc-4d0d-b2f7-19c3355ecb5f\fetchFileTemp839362852359169326.tmp
18/08/04 15:03:14 INFO Executor: Adding file:/C:/Users/acorn/AppData/Local/Temp/spark-c7db123b-f965-4ded-a52e-951510ff5e31/userFiles-cd7528f9-e2fc-4d0d-b2f7-19c3355ecb5f/sparklyr-2.1-2.11.jar to class loader
18/08/04 15:03:14 INFO CodeGenerator: Code generated in 10.956276 ms
18/08/04 15:03:14 INFO CodeGenerator: Code generated in 10.252285 ms
18/08/04 15:03:14 INFO Executor: Finished task 0.0 in stage 0.0 (TID 0). 1304 bytes result sent to driver
18/08/04 15:03:14 INFO TaskSetManager: Finished task 0.0 in stage 0.0 (TID 0) in 239 ms on localhost (executor driver) (1/1)
18/08/04 15:03:14 INFO TaskSchedulerImpl: Removed TaskSet 0.0, whose tasks have all completed, from pool 
18/08/04 15:03:14 INFO DAGScheduler: ResultStage 0 (collect at utils.scala:44) finished in 0.253 s
18/08/04 15:03:14 INFO DAGScheduler: Job 0 finished: collect at utils.scala:44, took 0.396228 s
18/08/04 15:03:14 WARN SparkSession$Builder: Using an existing SparkSession; some configuration may not take effect.
18/08/04 15:03:14 INFO SparkSqlParser: Parsing command: iris
18/08/04 15:03:14 WARN SparkSession$Builder: Using an existing SparkSession; some configuration may not take effect.
18/08/04 15:03:14 INFO SparkSqlParser: Parsing command: CACHE TABLE `iris`
18/08/04 15:03:14 INFO SparkSqlParser: Parsing command: `iris`
18/08/04 15:03:14 INFO CodeGenerator: Code generated in 12.202291 ms
18/08/04 15:03:14 INFO CodeGenerator: Code generated in 9.404289 ms
18/08/04 15:03:14 INFO SparkContext: Starting job: sql at <unknown>:0
18/08/04 15:03:14 INFO DAGScheduler: Registering RDD 16 (sql at <unknown>:0)
18/08/04 15:03:14 INFO DAGScheduler: Got job 1 (sql at <unknown>:0) with 1 output partitions
18/08/04 15:03:14 INFO DAGScheduler: Final stage: ResultStage 2 (sql at <unknown>:0)
18/08/04 15:03:14 INFO DAGScheduler: Parents of final stage: List(ShuffleMapStage 1)
18/08/04 15:03:14 INFO DAGScheduler: Missing parents: List(ShuffleMapStage 1)
18/08/04 15:03:15 INFO DAGScheduler: Submitting ShuffleMapStage 1 (MapPartitionsRDD[16] at sql at <unknown>:0), which has no missing parents
18/08/04 15:03:15 INFO MemoryStore: Block broadcast_1 stored as values in memory (estimated size 18.3 KB, free 366.3 MB)
18/08/04 15:03:15 INFO MemoryStore: Block broadcast_1_piece0 stored as bytes in memory (estimated size 8.5 KB, free 366.3 MB)
18/08/04 15:03:15 INFO BlockManagerInfo: Added broadcast_1_piece0 in memory on 127.0.0.1:51754 (size: 8.5 KB, free: 366.3 MB)
18/08/04 15:03:15 INFO SparkContext: Created broadcast 1 from broadcast at DAGScheduler.scala:996
18/08/04 15:03:15 INFO DAGScheduler: Submitting 1 missing tasks from ShuffleMapStage 1 (MapPartitionsRDD[16] at sql at <unknown>:0)
18/08/04 15:03:15 INFO TaskSchedulerImpl: Adding task set 1.0 with 1 tasks
18/08/04 15:03:15 INFO TaskSetManager: Starting task 0.0 in stage 1.0 (TID 1, localhost, executor driver, partition 0, PROCESS_LOCAL, 10001 bytes)
18/08/04 15:03:15 INFO Executor: Running task 0.0 in stage 1.0 (TID 1)
18/08/04 15:03:15 INFO CodeGenerator: Code generated in 9.884093 ms
18/08/04 15:03:15 INFO CodeGenerator: Code generated in 35.037569 ms
18/08/04 15:03:15 INFO MemoryStore: Block rdd_13_0 stored as values in memory (estimated size 5.6 KB, free 366.3 MB)
18/08/04 15:03:15 INFO BlockManagerInfo: Added rdd_13_0 in memory on 127.0.0.1:51754 (size: 5.6 KB, free: 366.3 MB)
18/08/04 15:03:15 INFO CodeGenerator: Code generated in 4.141518 ms
18/08/04 15:03:15 INFO CodeGenerator: Code generated in 17.236386 ms
18/08/04 15:03:15 INFO Executor: Finished task 0.0 in stage 1.0 (TID 1). 2657 bytes result sent to driver
18/08/04 15:03:15 INFO TaskSetManager: Finished task 0.0 in stage 1.0 (TID 1) in 185 ms on localhost (executor driver) (1/1)
18/08/04 15:03:15 INFO TaskSchedulerImpl: Removed TaskSet 1.0, whose tasks have all completed, from pool 
18/08/04 15:03:15 INFO DAGScheduler: ShuffleMapStage 1 (sql at <unknown>:0) finished in 0.186 s
18/08/04 15:03:15 INFO DAGScheduler: looking for newly runnable stages
18/08/04 15:03:15 INFO DAGScheduler: running: Set()
18/08/04 15:03:15 INFO DAGScheduler: waiting: Set(ResultStage 2)
18/08/04 15:03:15 INFO DAGScheduler: failed: Set()
18/08/04 15:03:15 INFO DAGScheduler: Submitting ResultStage 2 (MapPartitionsRDD[19] at sql at <unknown>:0), which has no missing parents
18/08/04 15:03:15 INFO MemoryStore: Block broadcast_2 stored as values in memory (estimated size 7.0 KB, free 366.2 MB)
18/08/04 15:03:15 INFO MemoryStore: Block broadcast_2_piece0 stored as bytes in memory (estimated size 3.7 KB, free 366.2 MB)
18/08/04 15:03:15 INFO BlockManagerInfo: Added broadcast_2_piece0 in memory on 127.0.0.1:51754 (size: 3.7 KB, free: 366.3 MB)
18/08/04 15:03:15 INFO SparkContext: Created broadcast 2 from broadcast at DAGScheduler.scala:996
18/08/04 15:03:15 INFO DAGScheduler: Submitting 1 missing tasks from ResultStage 2 (MapPartitionsRDD[19] at sql at <unknown>:0)
18/08/04 15:03:15 INFO TaskSchedulerImpl: Adding task set 2.0 with 1 tasks
18/08/04 15:03:15 INFO TaskSetManager: Starting task 0.0 in stage 2.0 (TID 2, localhost, executor driver, partition 0, ANY, 5953 bytes)
18/08/04 15:03:15 INFO Executor: Running task 0.0 in stage 2.0 (TID 2)
18/08/04 15:03:15 INFO ShuffleBlockFetcherIterator: Getting 1 non-empty blocks out of 1 blocks
18/08/04 15:03:15 INFO ShuffleBlockFetcherIterator: Started 0 remote fetches in 4 ms
18/08/04 15:03:15 INFO Executor: Finished task 0.0 in stage 2.0 (TID 2). 2042 bytes result sent to driver
18/08/04 15:03:15 INFO TaskSetManager: Finished task 0.0 in stage 2.0 (TID 2) in 27 ms on localhost (executor driver) (1/1)
18/08/04 15:03:15 INFO TaskSchedulerImpl: Removed TaskSet 2.0, whose tasks have all completed, from pool 
18/08/04 15:03:15 INFO DAGScheduler: ResultStage 2 (sql at <unknown>:0) finished in 0.027 s
18/08/04 15:03:15 INFO DAGScheduler: Job 1 finished: sql at <unknown>:0, took 0.251446 s
18/08/04 15:03:15 INFO CodeGenerator: Code generated in 6.777233 ms
18/08/04 15:03:15 WARN SparkSession$Builder: Using an existing SparkSession; some configuration may not take effect.
18/08/04 15:03:15 INFO SparkSqlParser: Parsing command: SELECT count(*) FROM  `iris`
18/08/04 15:03:15 INFO SparkContext: Starting job: collect at utils.scala:197
18/08/04 15:03:15 INFO DAGScheduler: Registering RDD 23 (collect at utils.scala:197)
18/08/04 15:03:15 INFO DAGScheduler: Got job 2 (collect at utils.scala:197) with 1 output partitions
18/08/04 15:03:15 INFO DAGScheduler: Final stage: ResultStage 4 (collect at utils.scala:197)
18/08/04 15:03:15 INFO DAGScheduler: Parents of final stage: List(ShuffleMapStage 3)
18/08/04 15:03:15 INFO DAGScheduler: Missing parents: List(ShuffleMapStage 3)
18/08/04 15:03:15 INFO DAGScheduler: Submitting ShuffleMapStage 3 (MapPartitionsRDD[23] at collect at utils.scala:197), which has no missing parents
18/08/04 15:03:15 INFO MemoryStore: Block broadcast_3 stored as values in memory (estimated size 18.3 KB, free 366.2 MB)
18/08/04 15:03:15 INFO MemoryStore: Block broadcast_3_piece0 stored as bytes in memory (estimated size 8.4 KB, free 366.2 MB)
18/08/04 15:03:15 INFO BlockManagerInfo: Added broadcast_3_piece0 in memory on 127.0.0.1:51754 (size: 8.4 KB, free: 366.3 MB)
18/08/04 15:03:15 INFO SparkContext: Created broadcast 3 from broadcast at DAGScheduler.scala:996
18/08/04 15:03:15 INFO DAGScheduler: Submitting 1 missing tasks from ShuffleMapStage 3 (MapPartitionsRDD[23] at collect at utils.scala:197)
18/08/04 15:03:15 INFO TaskSchedulerImpl: Adding task set 3.0 with 1 tasks
18/08/04 15:03:15 INFO TaskSetManager: Starting task 0.0 in stage 3.0 (TID 3, localhost, executor driver, partition 0, PROCESS_LOCAL, 9993 bytes)
18/08/04 15:03:15 INFO Executor: Running task 0.0 in stage 3.0 (TID 3)
18/08/04 15:03:15 INFO BlockManager: Found block rdd_13_0 locally
18/08/04 15:03:15 INFO Executor: Finished task 0.0 in stage 3.0 (TID 3). 1929 bytes result sent to driver
18/08/04 15:03:15 INFO TaskSetManager: Finished task 0.0 in stage 3.0 (TID 3) in 12 ms on localhost (executor driver) (1/1)
18/08/04 15:03:15 INFO TaskSchedulerImpl: Removed TaskSet 3.0, whose tasks have all completed, from pool 
18/08/04 15:03:15 INFO DAGScheduler: ShuffleMapStage 3 (collect at utils.scala:197) finished in 0.012 s
18/08/04 15:03:15 INFO DAGScheduler: looking for newly runnable stages
18/08/04 15:03:15 INFO DAGScheduler: running: Set()
18/08/04 15:03:15 INFO DAGScheduler: waiting: Set(ResultStage 4)
18/08/04 15:03:15 INFO DAGScheduler: failed: Set()
18/08/04 15:03:15 INFO DAGScheduler: Submitting ResultStage 4 (MapPartitionsRDD[26] at collect at utils.scala:197), which has no missing parents
18/08/04 15:03:15 INFO MemoryStore: Block broadcast_4 stored as values in memory (estimated size 7.0 KB, free 366.2 MB)
18/08/04 15:03:15 INFO MemoryStore: Block broadcast_4_piece0 stored as bytes in memory (estimated size 3.7 KB, free 366.2 MB)
18/08/04 15:03:15 INFO BlockManagerInfo: Added broadcast_4_piece0 in memory on 127.0.0.1:51754 (size: 3.7 KB, free: 366.3 MB)
18/08/04 15:03:15 INFO SparkContext: Created broadcast 4 from broadcast at DAGScheduler.scala:996
18/08/04 15:03:15 INFO DAGScheduler: Submitting 1 missing tasks from ResultStage 4 (MapPartitionsRDD[26] at collect at utils.scala:197)
18/08/04 15:03:15 INFO TaskSchedulerImpl: Adding task set 4.0 with 1 tasks
18/08/04 15:03:15 INFO TaskSetManager: Starting task 0.0 in stage 4.0 (TID 4, localhost, executor driver, partition 0, ANY, 5945 bytes)
18/08/04 15:03:15 INFO Executor: Running task 0.0 in stage 4.0 (TID 4)
18/08/04 15:03:15 INFO ShuffleBlockFetcherIterator: Getting 1 non-empty blocks out of 1 blocks
18/08/04 15:03:15 INFO ShuffleBlockFetcherIterator: Started 0 remote fetches in 1 ms
18/08/04 15:03:15 INFO Executor: Finished task 0.0 in stage 4.0 (TID 4). 1873 bytes result sent to driver
18/08/04 15:03:15 INFO TaskSetManager: Finished task 0.0 in stage 4.0 (TID 4) in 6 ms on localhost (executor driver) (1/1)
18/08/04 15:03:15 INFO TaskSchedulerImpl: Removed TaskSet 4.0, whose tasks have all completed, from pool 
18/08/04 15:03:15 INFO DAGScheduler: ResultStage 4 (collect at utils.scala:197) finished in 0.007 s
18/08/04 15:03:15 INFO DAGScheduler: Job 2 finished: collect at utils.scala:197, took 0.034335 s
18/08/04 15:03:15 WARN SparkSession$Builder: Using an existing SparkSession; some configuration may not take effect.
18/08/04 15:03:15 INFO SparkSqlParser: Parsing command: SELECT *
FROM `iris` AS `zzz1`
WHERE (0 = 1)
18/08/04 15:03:15 WARN SparkSession$Builder: Using an existing SparkSession; some configuration may not take effect.
18/08/04 15:03:15 INFO SparkSqlParser: Parsing command: SHOW TABLES
18/08/04 15:03:15 INFO HiveMetaStore: 0: get_database: default
18/08/04 15:03:15 INFO audit: ugi=acorn	ip=unknown-ip-addr	cmd=get_database: default	
18/08/04 15:03:15 INFO HiveMetaStore: 0: get_database: default
18/08/04 15:03:15 INFO audit: ugi=acorn	ip=unknown-ip-addr	cmd=get_database: default	
18/08/04 15:03:15 INFO HiveMetaStore: 0: get_tables: db=default pat=*
18/08/04 15:03:15 INFO audit: ugi=acorn	ip=unknown-ip-addr	cmd=get_tables: db=default pat=*	
18/08/04 15:03:15 INFO CodeGenerator: Code generated in 20.519644 ms
18/08/04 15:03:15 INFO BlockManagerInfo: Removed broadcast_3_piece0 on 127.0.0.1:51754 in memory (size: 8.4 KB, free: 366.3 MB)
18/08/04 15:03:15 INFO ContextCleaner: Cleaned accumulator 52
18/08/04 15:03:15 INFO ContextCleaner: Cleaned accumulator 53
18/08/04 15:03:15 INFO ContextCleaner: Cleaned accumulator 54
18/08/04 15:03:15 INFO ContextCleaner: Cleaned accumulator 55
18/08/04 15:03:15 INFO ContextCleaner: Cleaned accumulator 56
18/08/04 15:03:15 INFO ContextCleaner: Cleaned accumulator 57
18/08/04 15:03:15 INFO ContextCleaner: Cleaned accumulator 58
18/08/04 15:03:15 INFO ContextCleaner: Cleaned accumulator 59
18/08/04 15:03:15 INFO ContextCleaner: Cleaned accumulator 60
18/08/04 15:03:15 INFO ContextCleaner: Cleaned accumulator 61
18/08/04 15:03:15 INFO ContextCleaner: Cleaned accumulator 62
18/08/04 15:03:15 INFO ContextCleaner: Cleaned accumulator 63
18/08/04 15:03:15 INFO ContextCleaner: Cleaned accumulator 64
18/08/04 15:03:15 INFO ContextCleaner: Cleaned shuffle 0
18/08/04 15:03:15 INFO BlockManagerInfo: Removed broadcast_1_piece0 on 127.0.0.1:51754 in memory (size: 8.5 KB, free: 366.3 MB)
18/08/04 15:03:15 INFO BlockManagerInfo: Removed broadcast_2_piece0 on 127.0.0.1:51754 in memory (size: 3.7 KB, free: 366.3 MB)
18/08/04 15:03:15 INFO ContextCleaner: Cleaned accumulator 161
18/08/04 15:03:15 INFO BlockManagerInfo: Removed broadcast_4_piece0 on 127.0.0.1:51754 in memory (size: 3.7 KB, free: 366.3 MB)
18/08/04 15:03:26 WARN SparkSession$Builder: Using an existing SparkSession; some configuration may not take effect.
18/08/04 15:03:26 INFO SparkSqlParser: Parsing command: SHOW TABLES
18/08/04 15:03:26 INFO HiveMetaStore: 0: get_database: default
18/08/04 15:03:26 INFO audit: ugi=acorn	ip=unknown-ip-addr	cmd=get_database: default	
18/08/04 15:03:26 INFO HiveMetaStore: 0: get_database: default
18/08/04 15:03:26 INFO audit: ugi=acorn	ip=unknown-ip-addr	cmd=get_database: default	
18/08/04 15:03:26 INFO HiveMetaStore: 0: get_tables: db=default pat=*
18/08/04 15:03:26 INFO audit: ugi=acorn	ip=unknown-ip-addr	cmd=get_tables: db=default pat=*	
18/08/04 15:03:26 INFO SparkContext: Starting job: collect at utils.scala:44
18/08/04 15:03:26 INFO DAGScheduler: Got job 3 (collect at utils.scala:44) with 1 output partitions
18/08/04 15:03:26 INFO DAGScheduler: Final stage: ResultStage 5 (collect at utils.scala:44)
18/08/04 15:03:26 INFO DAGScheduler: Parents of final stage: List()
18/08/04 15:03:26 INFO DAGScheduler: Missing parents: List()
18/08/04 15:03:26 INFO DAGScheduler: Submitting ResultStage 5 (MapPartitionsRDD[33] at map at utils.scala:41), which has no missing parents
18/08/04 15:03:26 INFO MemoryStore: Block broadcast_5 stored as values in memory (estimated size 8.7 KB, free 366.3 MB)
18/08/04 15:03:26 INFO MemoryStore: Block broadcast_5_piece0 stored as bytes in memory (estimated size 4.6 KB, free 366.3 MB)
18/08/04 15:03:26 INFO BlockManagerInfo: Added broadcast_5_piece0 in memory on 127.0.0.1:51754 (size: 4.6 KB, free: 366.3 MB)
18/08/04 15:03:26 INFO SparkContext: Created broadcast 5 from broadcast at DAGScheduler.scala:996
18/08/04 15:03:26 INFO DAGScheduler: Submitting 1 missing tasks from ResultStage 5 (MapPartitionsRDD[33] at map at utils.scala:41)
18/08/04 15:03:26 INFO TaskSchedulerImpl: Adding task set 5.0 with 1 tasks
18/08/04 15:03:26 INFO TaskSetManager: Starting task 0.0 in stage 5.0 (TID 5, localhost, executor driver, partition 0, PROCESS_LOCAL, 6353 bytes)
18/08/04 15:03:26 INFO Executor: Running task 0.0 in stage 5.0 (TID 5)
18/08/04 15:03:26 INFO Executor: Finished task 0.0 in stage 5.0 (TID 5). 1159 bytes result sent to driver
18/08/04 15:03:26 INFO TaskSetManager: Finished task 0.0 in stage 5.0 (TID 5) in 9 ms on localhost (executor driver) (1/1)
18/08/04 15:03:26 INFO TaskSchedulerImpl: Removed TaskSet 5.0, whose tasks have all completed, from pool 
18/08/04 15:03:26 INFO DAGScheduler: ResultStage 5 (collect at utils.scala:44) finished in 0.010 s
18/08/04 15:03:26 INFO DAGScheduler: Job 3 finished: collect at utils.scala:44, took 0.016050 s
18/08/04 15:03:36 WARN SparkSession$Builder: Using an existing SparkSession; some configuration may not take effect.
18/08/04 15:03:36 INFO SparkSqlParser: Parsing command: flights
18/08/04 15:03:36 WARN SparkSession$Builder: Using an existing SparkSession; some configuration may not take effect.
18/08/04 15:03:36 INFO SparkSqlParser: Parsing command: CACHE TABLE `flights`
18/08/04 15:03:36 INFO SparkSqlParser: Parsing command: `flights`
18/08/04 15:03:36 INFO SparkContext: Starting job: sql at <unknown>:0
18/08/04 15:03:36 INFO DAGScheduler: Registering RDD 42 (sql at <unknown>:0)
18/08/04 15:03:36 INFO DAGScheduler: Got job 4 (sql at <unknown>:0) with 1 output partitions
18/08/04 15:03:36 INFO DAGScheduler: Final stage: ResultStage 7 (sql at <unknown>:0)
18/08/04 15:03:36 INFO DAGScheduler: Parents of final stage: List(ShuffleMapStage 6)
18/08/04 15:03:36 INFO DAGScheduler: Missing parents: List(ShuffleMapStage 6)
18/08/04 15:03:36 INFO DAGScheduler: Submitting ShuffleMapStage 6 (MapPartitionsRDD[42] at sql at <unknown>:0), which has no missing parents
18/08/04 15:03:36 INFO MemoryStore: Block broadcast_6 stored as values in memory (estimated size 30.7 KB, free 366.2 MB)
18/08/04 15:03:36 INFO MemoryStore: Block broadcast_6_piece0 stored as bytes in memory (estimated size 11.7 KB, free 366.2 MB)
18/08/04 15:03:36 INFO BlockManagerInfo: Added broadcast_6_piece0 in memory on 127.0.0.1:51754 (size: 11.7 KB, free: 366.3 MB)
18/08/04 15:03:36 INFO SparkContext: Created broadcast 6 from broadcast at DAGScheduler.scala:996
18/08/04 15:03:36 INFO DAGScheduler: Submitting 1 missing tasks from ShuffleMapStage 6 (MapPartitionsRDD[42] at sql at <unknown>:0)
18/08/04 15:03:36 INFO TaskSchedulerImpl: Adding task set 6.0 with 1 tasks
18/08/04 15:03:36 INFO ContextCleaner: Cleaned accumulator 270
18/08/04 15:03:36 INFO ContextCleaner: Cleaned accumulator 271
18/08/04 15:03:36 INFO BlockManagerInfo: Removed broadcast_5_piece0 on 127.0.0.1:51754 in memory (size: 4.6 KB, free: 366.3 MB)
18/08/04 15:03:36 INFO ContextCleaner: Cleaned accumulator 322
18/08/04 15:03:36 INFO BlockManagerInfo: Removed broadcast_0_piece0 on 127.0.0.1:51754 in memory (size: 4.6 KB, free: 366.3 MB)
18/08/04 15:03:36 INFO ContextCleaner: Cleaned accumulator 1
18/08/04 15:03:36 INFO ContextCleaner: Cleaned accumulator 0
18/08/04 15:03:36 WARN TaskSetManager: Stage 6 contains a task of very large size (27700 KB). The maximum recommended task size is 100 KB.
18/08/04 15:03:36 INFO TaskSetManager: Starting task 0.0 in stage 6.0 (TID 6, localhost, executor driver, partition 0, PROCESS_LOCAL, 28365403 bytes)
18/08/04 15:03:36 INFO Executor: Running task 0.0 in stage 6.0 (TID 6)
18/08/04 15:03:37 INFO CodeGenerator: Code generated in 15.130187 ms
18/08/04 15:03:37 INFO CodeGenerator: Code generated in 81.271314 ms
18/08/04 15:03:40 INFO MemoryStore: Block rdd_39_0 stored as values in memory (estimated size 22.5 MB, free 343.8 MB)
18/08/04 15:03:40 INFO BlockManagerInfo: Added rdd_39_0 in memory on 127.0.0.1:51754 (size: 22.5 MB, free: 343.8 MB)
18/08/04 15:03:40 INFO Executor: Finished task 0.0 in stage 6.0 (TID 6). 2733 bytes result sent to driver
18/08/04 15:03:40 INFO TaskSetManager: Finished task 0.0 in stage 6.0 (TID 6) in 4346 ms on localhost (executor driver) (1/1)
18/08/04 15:03:40 INFO TaskSchedulerImpl: Removed TaskSet 6.0, whose tasks have all completed, from pool 
18/08/04 15:03:40 INFO DAGScheduler: ShuffleMapStage 6 (sql at <unknown>:0) finished in 4.346 s
18/08/04 15:03:40 INFO DAGScheduler: looking for newly runnable stages
18/08/04 15:03:40 INFO DAGScheduler: running: Set()
18/08/04 15:03:40 INFO DAGScheduler: waiting: Set(ResultStage 7)
18/08/04 15:03:40 INFO DAGScheduler: failed: Set()
18/08/04 15:03:40 INFO DAGScheduler: Submitting ResultStage 7 (MapPartitionsRDD[45] at sql at <unknown>:0), which has no missing parents
18/08/04 15:03:40 INFO MemoryStore: Block broadcast_7 stored as values in memory (estimated size 7.0 KB, free 343.8 MB)
18/08/04 15:03:40 INFO MemoryStore: Block broadcast_7_piece0 stored as bytes in memory (estimated size 3.7 KB, free 343.7 MB)
18/08/04 15:03:40 INFO BlockManagerInfo: Added broadcast_7_piece0 in memory on 127.0.0.1:51754 (size: 3.7 KB, free: 343.8 MB)
18/08/04 15:03:40 INFO SparkContext: Created broadcast 7 from broadcast at DAGScheduler.scala:996
18/08/04 15:03:40 INFO DAGScheduler: Submitting 1 missing tasks from ResultStage 7 (MapPartitionsRDD[45] at sql at <unknown>:0)
18/08/04 15:03:40 INFO TaskSchedulerImpl: Adding task set 7.0 with 1 tasks
18/08/04 15:03:40 INFO TaskSetManager: Starting task 0.0 in stage 7.0 (TID 7, localhost, executor driver, partition 0, ANY, 5953 bytes)
18/08/04 15:03:40 INFO Executor: Running task 0.0 in stage 7.0 (TID 7)
18/08/04 15:03:40 INFO ShuffleBlockFetcherIterator: Getting 1 non-empty blocks out of 1 blocks
18/08/04 15:03:40 INFO ShuffleBlockFetcherIterator: Started 0 remote fetches in 0 ms
18/08/04 15:03:40 INFO Executor: Finished task 0.0 in stage 7.0 (TID 7). 1873 bytes result sent to driver
18/08/04 15:03:40 INFO DAGScheduler: ResultStage 7 (sql at <unknown>:0) finished in 0.005 s
18/08/04 15:03:40 INFO TaskSetManager: Finished task 0.0 in stage 7.0 (TID 7) in 5 ms on localhost (executor driver) (1/1)
18/08/04 15:03:40 INFO TaskSchedulerImpl: Removed TaskSet 7.0, whose tasks have all completed, from pool 
18/08/04 15:03:40 INFO DAGScheduler: Job 4 finished: sql at <unknown>:0, took 4.365438 s
18/08/04 15:03:40 WARN SparkSession$Builder: Using an existing SparkSession; some configuration may not take effect.
18/08/04 15:03:40 INFO SparkSqlParser: Parsing command: SELECT count(*) FROM  `flights`
18/08/04 15:03:40 INFO SparkContext: Starting job: collect at utils.scala:197
18/08/04 15:03:40 INFO DAGScheduler: Registering RDD 49 (collect at utils.scala:197)
18/08/04 15:03:40 INFO DAGScheduler: Got job 5 (collect at utils.scala:197) with 1 output partitions
18/08/04 15:03:40 INFO DAGScheduler: Final stage: ResultStage 9 (collect at utils.scala:197)
18/08/04 15:03:40 INFO DAGScheduler: Parents of final stage: List(ShuffleMapStage 8)
18/08/04 15:03:40 INFO DAGScheduler: Missing parents: List(ShuffleMapStage 8)
18/08/04 15:03:40 INFO DAGScheduler: Submitting ShuffleMapStage 8 (MapPartitionsRDD[49] at collect at utils.scala:197), which has no missing parents
18/08/04 15:03:40 INFO MemoryStore: Block broadcast_8 stored as values in memory (estimated size 30.7 KB, free 343.7 MB)
18/08/04 15:03:40 INFO MemoryStore: Block broadcast_8_piece0 stored as bytes in memory (estimated size 11.8 KB, free 343.7 MB)
18/08/04 15:03:40 INFO BlockManagerInfo: Added broadcast_8_piece0 in memory on 127.0.0.1:51754 (size: 11.8 KB, free: 343.8 MB)
18/08/04 15:03:40 INFO SparkContext: Created broadcast 8 from broadcast at DAGScheduler.scala:996
18/08/04 15:03:40 INFO DAGScheduler: Submitting 1 missing tasks from ShuffleMapStage 8 (MapPartitionsRDD[49] at collect at utils.scala:197)
18/08/04 15:03:40 INFO TaskSchedulerImpl: Adding task set 8.0 with 1 tasks
18/08/04 15:03:41 WARN TaskSetManager: Stage 8 contains a task of very large size (27700 KB). The maximum recommended task size is 100 KB.
18/08/04 15:03:41 INFO TaskSetManager: Starting task 0.0 in stage 8.0 (TID 8, localhost, executor driver, partition 0, PROCESS_LOCAL, 28365396 bytes)
18/08/04 15:03:41 INFO Executor: Running task 0.0 in stage 8.0 (TID 8)
18/08/04 15:03:41 INFO BlockManagerInfo: Removed broadcast_7_piece0 on 127.0.0.1:51754 in memory (size: 3.7 KB, free: 343.8 MB)
18/08/04 15:03:41 INFO ContextCleaner: Cleaned accumulator 431
18/08/04 15:03:41 INFO BlockManager: Found block rdd_39_0 locally
18/08/04 15:03:41 INFO Executor: Finished task 0.0 in stage 8.0 (TID 8). 2258 bytes result sent to driver
18/08/04 15:03:41 INFO DAGScheduler: ShuffleMapStage 8 (collect at utils.scala:197) finished in 0.328 s
18/08/04 15:03:41 INFO TaskSetManager: Finished task 0.0 in stage 8.0 (TID 8) in 328 ms on localhost (executor driver) (1/1)
18/08/04 15:03:41 INFO DAGScheduler: looking for newly runnable stages
18/08/04 15:03:41 INFO TaskSchedulerImpl: Removed TaskSet 8.0, whose tasks have all completed, from pool 
18/08/04 15:03:41 INFO DAGScheduler: running: Set()
18/08/04 15:03:41 INFO DAGScheduler: waiting: Set(ResultStage 9)
18/08/04 15:03:41 INFO DAGScheduler: failed: Set()
18/08/04 15:03:41 INFO DAGScheduler: Submitting ResultStage 9 (MapPartitionsRDD[52] at collect at utils.scala:197), which has no missing parents
18/08/04 15:03:41 INFO MemoryStore: Block broadcast_9 stored as values in memory (estimated size 7.0 KB, free 343.7 MB)
18/08/04 15:03:41 INFO MemoryStore: Block broadcast_9_piece0 stored as bytes in memory (estimated size 3.7 KB, free 343.7 MB)
18/08/04 15:03:41 INFO BlockManagerInfo: Added broadcast_9_piece0 in memory on 127.0.0.1:51754 (size: 3.7 KB, free: 343.8 MB)
18/08/04 15:03:41 INFO SparkContext: Created broadcast 9 from broadcast at DAGScheduler.scala:996
18/08/04 15:03:41 INFO DAGScheduler: Submitting 1 missing tasks from ResultStage 9 (MapPartitionsRDD[52] at collect at utils.scala:197)
18/08/04 15:03:41 INFO TaskSchedulerImpl: Adding task set 9.0 with 1 tasks
18/08/04 15:03:41 INFO TaskSetManager: Starting task 0.0 in stage 9.0 (TID 9, localhost, executor driver, partition 0, ANY, 5946 bytes)
18/08/04 15:03:41 INFO Executor: Running task 0.0 in stage 9.0 (TID 9)
18/08/04 15:03:41 INFO ShuffleBlockFetcherIterator: Getting 1 non-empty blocks out of 1 blocks
18/08/04 15:03:41 INFO ShuffleBlockFetcherIterator: Started 0 remote fetches in 0 ms
18/08/04 15:03:41 INFO Executor: Finished task 0.0 in stage 9.0 (TID 9). 1873 bytes result sent to driver
18/08/04 15:03:41 INFO TaskSetManager: Finished task 0.0 in stage 9.0 (TID 9) in 5 ms on localhost (executor driver) (1/1)
18/08/04 15:03:41 INFO TaskSchedulerImpl: Removed TaskSet 9.0, whose tasks have all completed, from pool 
18/08/04 15:03:41 INFO DAGScheduler: ResultStage 9 (collect at utils.scala:197) finished in 0.006 s
18/08/04 15:03:41 INFO DAGScheduler: Job 5 finished: collect at utils.scala:197, took 0.346237 s
18/08/04 15:03:41 WARN SparkSession$Builder: Using an existing SparkSession; some configuration may not take effect.
18/08/04 15:03:41 INFO SparkSqlParser: Parsing command: SELECT *
FROM `flights` AS `zzz2`
WHERE (0 = 1)
18/08/04 15:03:41 WARN SparkSession$Builder: Using an existing SparkSession; some configuration may not take effect.
18/08/04 15:03:41 INFO SparkSqlParser: Parsing command: SHOW TABLES
18/08/04 15:03:41 INFO HiveMetaStore: 0: get_database: default
18/08/04 15:03:41 INFO audit: ugi=acorn	ip=unknown-ip-addr	cmd=get_database: default	
18/08/04 15:03:41 INFO HiveMetaStore: 0: get_database: default
18/08/04 15:03:41 INFO audit: ugi=acorn	ip=unknown-ip-addr	cmd=get_database: default	
18/08/04 15:03:41 INFO HiveMetaStore: 0: get_tables: db=default pat=*
18/08/04 15:03:41 INFO audit: ugi=acorn	ip=unknown-ip-addr	cmd=get_tables: db=default pat=*	
18/08/04 15:03:41 INFO SparkContext: Starting job: collect at utils.scala:44
18/08/04 15:03:41 INFO DAGScheduler: Got job 6 (collect at utils.scala:44) with 1 output partitions
18/08/04 15:03:41 INFO DAGScheduler: Final stage: ResultStage 10 (collect at utils.scala:44)
18/08/04 15:03:41 INFO DAGScheduler: Parents of final stage: List()
18/08/04 15:03:41 INFO DAGScheduler: Missing parents: List()
18/08/04 15:03:41 INFO DAGScheduler: Submitting ResultStage 10 (MapPartitionsRDD[58] at map at utils.scala:41), which has no missing parents
18/08/04 15:03:41 INFO MemoryStore: Block broadcast_10 stored as values in memory (estimated size 8.7 KB, free 343.7 MB)
18/08/04 15:03:41 INFO MemoryStore: Block broadcast_10_piece0 stored as bytes in memory (estimated size 4.6 KB, free 343.7 MB)
18/08/04 15:03:41 INFO BlockManagerInfo: Added broadcast_10_piece0 in memory on 127.0.0.1:51754 (size: 4.6 KB, free: 343.8 MB)
18/08/04 15:03:41 INFO SparkContext: Created broadcast 10 from broadcast at DAGScheduler.scala:996
18/08/04 15:03:41 INFO DAGScheduler: Submitting 1 missing tasks from ResultStage 10 (MapPartitionsRDD[58] at map at utils.scala:41)
18/08/04 15:03:41 INFO TaskSchedulerImpl: Adding task set 10.0 with 1 tasks
18/08/04 15:03:41 INFO TaskSetManager: Starting task 0.0 in stage 10.0 (TID 10, localhost, executor driver, partition 0, PROCESS_LOCAL, 6408 bytes)
18/08/04 15:03:41 INFO Executor: Running task 0.0 in stage 10.0 (TID 10)
18/08/04 15:03:41 INFO Executor: Finished task 0.0 in stage 10.0 (TID 10). 1166 bytes result sent to driver
18/08/04 15:03:41 INFO TaskSetManager: Finished task 0.0 in stage 10.0 (TID 10) in 5 ms on localhost (executor driver) (1/1)
18/08/04 15:03:41 INFO TaskSchedulerImpl: Removed TaskSet 10.0, whose tasks have all completed, from pool 
18/08/04 15:03:41 INFO DAGScheduler: ResultStage 10 (collect at utils.scala:44) finished in 0.006 s
18/08/04 15:03:41 INFO DAGScheduler: Job 6 finished: collect at utils.scala:44, took 0.010911 s
18/08/04 15:03:43 WARN SparkSession$Builder: Using an existing SparkSession; some configuration may not take effect.
18/08/04 15:03:43 INFO SparkSqlParser: Parsing command: batting
18/08/04 15:03:43 WARN SparkSession$Builder: Using an existing SparkSession; some configuration may not take effect.
18/08/04 15:03:43 INFO SparkSqlParser: Parsing command: CACHE TABLE `batting`
18/08/04 15:03:43 INFO SparkSqlParser: Parsing command: `batting`
18/08/04 15:03:43 INFO SparkContext: Starting job: sql at <unknown>:0
18/08/04 15:03:43 INFO DAGScheduler: Registering RDD 67 (sql at <unknown>:0)
18/08/04 15:03:43 INFO DAGScheduler: Got job 7 (sql at <unknown>:0) with 1 output partitions
18/08/04 15:03:43 INFO DAGScheduler: Final stage: ResultStage 12 (sql at <unknown>:0)
18/08/04 15:03:43 INFO DAGScheduler: Parents of final stage: List(ShuffleMapStage 11)
18/08/04 15:03:43 INFO DAGScheduler: Missing parents: List(ShuffleMapStage 11)
18/08/04 15:03:43 INFO DAGScheduler: Submitting ShuffleMapStage 11 (MapPartitionsRDD[67] at sql at <unknown>:0), which has no missing parents
18/08/04 15:03:43 INFO MemoryStore: Block broadcast_11 stored as values in memory (estimated size 31.9 KB, free 343.7 MB)
18/08/04 15:03:43 INFO MemoryStore: Block broadcast_11_piece0 stored as bytes in memory (estimated size 11.7 KB, free 343.6 MB)
18/08/04 15:03:43 INFO BlockManagerInfo: Added broadcast_11_piece0 in memory on 127.0.0.1:51754 (size: 11.7 KB, free: 343.8 MB)
18/08/04 15:03:43 INFO SparkContext: Created broadcast 11 from broadcast at DAGScheduler.scala:996
18/08/04 15:03:43 INFO DAGScheduler: Submitting 1 missing tasks from ShuffleMapStage 11 (MapPartitionsRDD[67] at sql at <unknown>:0)
18/08/04 15:03:43 INFO TaskSchedulerImpl: Adding task set 11.0 with 1 tasks
18/08/04 15:03:43 WARN TaskSetManager: Stage 11 contains a task of very large size (6654 KB). The maximum recommended task size is 100 KB.
18/08/04 15:03:43 INFO TaskSetManager: Starting task 0.0 in stage 11.0 (TID 11, localhost, executor driver, partition 0, PROCESS_LOCAL, 6814099 bytes)
18/08/04 15:03:43 INFO Executor: Running task 0.0 in stage 11.0 (TID 11)
18/08/04 15:03:43 INFO BlockManagerInfo: Removed broadcast_9_piece0 on 127.0.0.1:51754 in memory (size: 3.7 KB, free: 343.8 MB)
18/08/04 15:03:43 INFO ContextCleaner: Cleaned accumulator 540
18/08/04 15:03:43 INFO ContextCleaner: Cleaned accumulator 541
18/08/04 15:03:43 INFO BlockManagerInfo: Removed broadcast_10_piece0 on 127.0.0.1:51754 in memory (size: 4.6 KB, free: 343.8 MB)
18/08/04 15:03:43 INFO ContextCleaner: Cleaned accumulator 592
18/08/04 15:03:43 INFO BlockManagerInfo: Removed broadcast_8_piece0 on 127.0.0.1:51754 in memory (size: 11.8 KB, free: 343.8 MB)
18/08/04 15:03:43 INFO CodeGenerator: Code generated in 14.872966 ms
18/08/04 15:03:43 INFO CodeGenerator: Code generated in 65.853438 ms
18/08/04 15:03:45 INFO MemoryStore: Block rdd_64_0 stored as values in memory (estimated size 3.3 MB, free 340.4 MB)
18/08/04 15:03:45 INFO BlockManagerInfo: Added rdd_64_0 in memory on 127.0.0.1:51754 (size: 3.3 MB, free: 340.5 MB)
18/08/04 15:03:45 INFO Executor: Finished task 0.0 in stage 11.0 (TID 11). 2733 bytes result sent to driver
18/08/04 15:03:45 INFO TaskSetManager: Finished task 0.0 in stage 11.0 (TID 11) in 1603 ms on localhost (executor driver) (1/1)
18/08/04 15:03:45 INFO TaskSchedulerImpl: Removed TaskSet 11.0, whose tasks have all completed, from pool 
18/08/04 15:03:45 INFO DAGScheduler: ShuffleMapStage 11 (sql at <unknown>:0) finished in 1.605 s
18/08/04 15:03:45 INFO DAGScheduler: looking for newly runnable stages
18/08/04 15:03:45 INFO DAGScheduler: running: Set()
18/08/04 15:03:45 INFO DAGScheduler: waiting: Set(ResultStage 12)
18/08/04 15:03:45 INFO DAGScheduler: failed: Set()
18/08/04 15:03:45 INFO DAGScheduler: Submitting ResultStage 12 (MapPartitionsRDD[70] at sql at <unknown>:0), which has no missing parents
18/08/04 15:03:45 INFO MemoryStore: Block broadcast_12 stored as values in memory (estimated size 7.0 KB, free 340.4 MB)
18/08/04 15:03:45 INFO MemoryStore: Block broadcast_12_piece0 stored as bytes in memory (estimated size 3.7 KB, free 340.4 MB)
18/08/04 15:03:45 INFO BlockManagerInfo: Added broadcast_12_piece0 in memory on 127.0.0.1:51754 (size: 3.7 KB, free: 340.4 MB)
18/08/04 15:03:45 INFO SparkContext: Created broadcast 12 from broadcast at DAGScheduler.scala:996
18/08/04 15:03:45 INFO DAGScheduler: Submitting 1 missing tasks from ResultStage 12 (MapPartitionsRDD[70] at sql at <unknown>:0)
18/08/04 15:03:45 INFO TaskSchedulerImpl: Adding task set 12.0 with 1 tasks
18/08/04 15:03:45 INFO TaskSetManager: Starting task 0.0 in stage 12.0 (TID 12, localhost, executor driver, partition 0, ANY, 5954 bytes)
18/08/04 15:03:45 INFO Executor: Running task 0.0 in stage 12.0 (TID 12)
18/08/04 15:03:45 INFO ShuffleBlockFetcherIterator: Getting 1 non-empty blocks out of 1 blocks
18/08/04 15:03:45 INFO ShuffleBlockFetcherIterator: Started 0 remote fetches in 1 ms
18/08/04 15:03:45 INFO Executor: Finished task 0.0 in stage 12.0 (TID 12). 1963 bytes result sent to driver
18/08/04 15:03:45 INFO TaskSetManager: Finished task 0.0 in stage 12.0 (TID 12) in 5 ms on localhost (executor driver) (1/1)
18/08/04 15:03:45 INFO TaskSchedulerImpl: Removed TaskSet 12.0, whose tasks have all completed, from pool 
18/08/04 15:03:45 INFO DAGScheduler: ResultStage 12 (sql at <unknown>:0) finished in 0.006 s
18/08/04 15:03:45 INFO DAGScheduler: Job 7 finished: sql at <unknown>:0, took 1.620615 s
18/08/04 15:03:45 WARN SparkSession$Builder: Using an existing SparkSession; some configuration may not take effect.
18/08/04 15:03:45 INFO SparkSqlParser: Parsing command: SELECT count(*) FROM  `batting`
18/08/04 15:03:45 INFO SparkContext: Starting job: collect at utils.scala:197
18/08/04 15:03:45 INFO DAGScheduler: Registering RDD 74 (collect at utils.scala:197)
18/08/04 15:03:45 INFO DAGScheduler: Got job 8 (collect at utils.scala:197) with 1 output partitions
18/08/04 15:03:45 INFO DAGScheduler: Final stage: ResultStage 14 (collect at utils.scala:197)
18/08/04 15:03:45 INFO DAGScheduler: Parents of final stage: List(ShuffleMapStage 13)
18/08/04 15:03:45 INFO DAGScheduler: Missing parents: List(ShuffleMapStage 13)
18/08/04 15:03:45 INFO DAGScheduler: Submitting ShuffleMapStage 13 (MapPartitionsRDD[74] at collect at utils.scala:197), which has no missing parents
18/08/04 15:03:45 INFO MemoryStore: Block broadcast_13 stored as values in memory (estimated size 31.9 KB, free 340.4 MB)
18/08/04 15:03:45 INFO MemoryStore: Block broadcast_13_piece0 stored as bytes in memory (estimated size 11.7 KB, free 340.3 MB)
18/08/04 15:03:45 INFO BlockManagerInfo: Added broadcast_13_piece0 in memory on 127.0.0.1:51754 (size: 11.7 KB, free: 340.4 MB)
18/08/04 15:03:45 INFO SparkContext: Created broadcast 13 from broadcast at DAGScheduler.scala:996
18/08/04 15:03:45 INFO DAGScheduler: Submitting 1 missing tasks from ShuffleMapStage 13 (MapPartitionsRDD[74] at collect at utils.scala:197)
18/08/04 15:03:45 INFO TaskSchedulerImpl: Adding task set 13.0 with 1 tasks
18/08/04 15:03:45 WARN TaskSetManager: Stage 13 contains a task of very large size (6654 KB). The maximum recommended task size is 100 KB.
18/08/04 15:03:45 INFO TaskSetManager: Starting task 0.0 in stage 13.0 (TID 13, localhost, executor driver, partition 0, PROCESS_LOCAL, 6814091 bytes)
18/08/04 15:03:45 INFO Executor: Running task 0.0 in stage 13.0 (TID 13)
18/08/04 15:03:45 INFO ContextCleaner: Cleaned accumulator 593
18/08/04 15:03:45 INFO ContextCleaner: Cleaned accumulator 594
18/08/04 15:03:45 INFO ContextCleaner: Cleaned accumulator 595
18/08/04 15:03:45 INFO ContextCleaner: Cleaned accumulator 596
18/08/04 15:03:45 INFO ContextCleaner: Cleaned accumulator 597
18/08/04 15:03:45 INFO ContextCleaner: Cleaned accumulator 598
18/08/04 15:03:45 INFO ContextCleaner: Cleaned accumulator 599
18/08/04 15:03:45 INFO ContextCleaner: Cleaned accumulator 600
18/08/04 15:03:45 INFO ContextCleaner: Cleaned accumulator 601
18/08/04 15:03:45 INFO ContextCleaner: Cleaned accumulator 602
18/08/04 15:03:45 INFO ContextCleaner: Cleaned accumulator 603
18/08/04 15:03:45 INFO ContextCleaner: Cleaned accumulator 604
18/08/04 15:03:45 INFO ContextCleaner: Cleaned shuffle 4
18/08/04 15:03:45 INFO BlockManagerInfo: Removed broadcast_11_piece0 on 127.0.0.1:51754 in memory (size: 11.7 KB, free: 340.4 MB)
18/08/04 15:03:45 INFO BlockManagerInfo: Removed broadcast_12_piece0 on 127.0.0.1:51754 in memory (size: 3.7 KB, free: 340.5 MB)
18/08/04 15:03:45 INFO ContextCleaner: Cleaned accumulator 701
18/08/04 15:03:45 INFO BlockManager: Found block rdd_64_0 locally
18/08/04 15:03:45 INFO Executor: Finished task 0.0 in stage 13.0 (TID 13). 2092 bytes result sent to driver
18/08/04 15:03:45 INFO TaskSetManager: Finished task 0.0 in stage 13.0 (TID 13) in 99 ms on localhost (executor driver) (1/1)
18/08/04 15:03:45 INFO TaskSchedulerImpl: Removed TaskSet 13.0, whose tasks have all completed, from pool 
18/08/04 15:03:45 INFO DAGScheduler: ShuffleMapStage 13 (collect at utils.scala:197) finished in 0.100 s
18/08/04 15:03:45 INFO DAGScheduler: looking for newly runnable stages
18/08/04 15:03:45 INFO DAGScheduler: running: Set()
18/08/04 15:03:45 INFO DAGScheduler: waiting: Set(ResultStage 14)
18/08/04 15:03:45 INFO DAGScheduler: failed: Set()
18/08/04 15:03:45 INFO DAGScheduler: Submitting ResultStage 14 (MapPartitionsRDD[77] at collect at utils.scala:197), which has no missing parents
18/08/04 15:03:45 INFO MemoryStore: Block broadcast_14 stored as values in memory (estimated size 7.0 KB, free 340.4 MB)
18/08/04 15:03:45 INFO MemoryStore: Block broadcast_14_piece0 stored as bytes in memory (estimated size 3.7 KB, free 340.4 MB)
18/08/04 15:03:45 INFO BlockManagerInfo: Added broadcast_14_piece0 in memory on 127.0.0.1:51754 (size: 3.7 KB, free: 340.4 MB)
18/08/04 15:03:45 INFO SparkContext: Created broadcast 14 from broadcast at DAGScheduler.scala:996
18/08/04 15:03:45 INFO DAGScheduler: Submitting 1 missing tasks from ResultStage 14 (MapPartitionsRDD[77] at collect at utils.scala:197)
18/08/04 15:03:45 INFO TaskSchedulerImpl: Adding task set 14.0 with 1 tasks
18/08/04 15:03:45 INFO TaskSetManager: Starting task 0.0 in stage 14.0 (TID 14, localhost, executor driver, partition 0, ANY, 5946 bytes)
18/08/04 15:03:45 INFO Executor: Running task 0.0 in stage 14.0 (TID 14)
18/08/04 15:03:45 INFO ShuffleBlockFetcherIterator: Getting 1 non-empty blocks out of 1 blocks
18/08/04 15:03:45 INFO ShuffleBlockFetcherIterator: Started 0 remote fetches in 0 ms
18/08/04 15:03:45 INFO Executor: Finished task 0.0 in stage 14.0 (TID 14). 1873 bytes result sent to driver
18/08/04 15:03:45 INFO TaskSetManager: Finished task 0.0 in stage 14.0 (TID 14) in 4 ms on localhost (executor driver) (1/1)
18/08/04 15:03:45 INFO TaskSchedulerImpl: Removed TaskSet 14.0, whose tasks have all completed, from pool 
18/08/04 15:03:45 INFO DAGScheduler: ResultStage 14 (collect at utils.scala:197) finished in 0.005 s
18/08/04 15:03:45 INFO DAGScheduler: Job 8 finished: collect at utils.scala:197, took 0.116467 s
18/08/04 15:03:45 WARN SparkSession$Builder: Using an existing SparkSession; some configuration may not take effect.
18/08/04 15:03:45 INFO SparkSqlParser: Parsing command: SELECT *
FROM `batting` AS `zzz3`
WHERE (0 = 1)
18/08/04 15:03:45 WARN SparkSession$Builder: Using an existing SparkSession; some configuration may not take effect.
18/08/04 15:03:45 INFO SparkSqlParser: Parsing command: SHOW TABLES
18/08/04 15:03:45 INFO HiveMetaStore: 0: get_database: default
18/08/04 15:03:45 INFO audit: ugi=acorn	ip=unknown-ip-addr	cmd=get_database: default	
18/08/04 15:03:45 INFO HiveMetaStore: 0: get_database: default
18/08/04 15:03:45 INFO audit: ugi=acorn	ip=unknown-ip-addr	cmd=get_database: default	
18/08/04 15:03:45 INFO HiveMetaStore: 0: get_tables: db=default pat=*
18/08/04 15:03:45 INFO audit: ugi=acorn	ip=unknown-ip-addr	cmd=get_tables: db=default pat=*	
18/08/04 15:03:45 WARN SparkSession$Builder: Using an existing SparkSession; some configuration may not take effect.
18/08/04 15:03:45 INFO SparkSqlParser: Parsing command: SHOW TABLES
18/08/04 15:03:45 INFO HiveMetaStore: 0: get_database: default
18/08/04 15:03:45 INFO audit: ugi=acorn	ip=unknown-ip-addr	cmd=get_database: default	
18/08/04 15:03:45 INFO HiveMetaStore: 0: get_database: default
18/08/04 15:03:45 INFO audit: ugi=acorn	ip=unknown-ip-addr	cmd=get_database: default	
18/08/04 15:03:45 INFO HiveMetaStore: 0: get_tables: db=default pat=*
18/08/04 15:03:45 INFO audit: ugi=acorn	ip=unknown-ip-addr	cmd=get_tables: db=default pat=*	
18/08/04 15:04:09 WARN SparkSession$Builder: Using an existing SparkSession; some configuration may not take effect.
18/08/04 15:04:09 INFO SparkSqlParser: Parsing command: SHOW TABLES
18/08/04 15:04:09 INFO HiveMetaStore: 0: get_database: default
18/08/04 15:04:09 INFO audit: ugi=acorn	ip=unknown-ip-addr	cmd=get_database: default	
18/08/04 15:04:09 INFO HiveMetaStore: 0: get_database: default
18/08/04 15:04:09 INFO audit: ugi=acorn	ip=unknown-ip-addr	cmd=get_database: default	
18/08/04 15:04:09 INFO HiveMetaStore: 0: get_tables: db=default pat=*
18/08/04 15:04:09 INFO audit: ugi=acorn	ip=unknown-ip-addr	cmd=get_tables: db=default pat=*	
18/08/04 15:04:09 INFO SparkContext: Starting job: collect at utils.scala:44
18/08/04 15:04:09 INFO DAGScheduler: Got job 9 (collect at utils.scala:44) with 1 output partitions
18/08/04 15:04:09 INFO DAGScheduler: Final stage: ResultStage 15 (collect at utils.scala:44)
18/08/04 15:04:09 INFO DAGScheduler: Parents of final stage: List()
18/08/04 15:04:09 INFO DAGScheduler: Missing parents: List()
18/08/04 15:04:09 INFO DAGScheduler: Submitting ResultStage 15 (MapPartitionsRDD[85] at map at utils.scala:41), which has no missing parents
18/08/04 15:04:09 INFO MemoryStore: Block broadcast_15 stored as values in memory (estimated size 8.7 KB, free 340.4 MB)
18/08/04 15:04:09 INFO MemoryStore: Block broadcast_15_piece0 stored as bytes in memory (estimated size 4.6 KB, free 340.4 MB)
18/08/04 15:04:09 INFO BlockManagerInfo: Added broadcast_15_piece0 in memory on 127.0.0.1:51754 (size: 4.6 KB, free: 340.4 MB)
18/08/04 15:04:09 INFO SparkContext: Created broadcast 15 from broadcast at DAGScheduler.scala:996
18/08/04 15:04:09 INFO DAGScheduler: Submitting 1 missing tasks from ResultStage 15 (MapPartitionsRDD[85] at map at utils.scala:41)
18/08/04 15:04:09 INFO TaskSchedulerImpl: Adding task set 15.0 with 1 tasks
18/08/04 15:04:09 INFO TaskSetManager: Starting task 0.0 in stage 15.0 (TID 15, localhost, executor driver, partition 0, PROCESS_LOCAL, 6462 bytes)
18/08/04 15:04:09 INFO Executor: Running task 0.0 in stage 15.0 (TID 15)
18/08/04 15:04:09 INFO Executor: Finished task 0.0 in stage 15.0 (TID 15). 1089 bytes result sent to driver
18/08/04 15:04:09 INFO TaskSetManager: Finished task 0.0 in stage 15.0 (TID 15) in 6 ms on localhost (executor driver) (1/1)
18/08/04 15:04:09 INFO TaskSchedulerImpl: Removed TaskSet 15.0, whose tasks have all completed, from pool 
18/08/04 15:04:09 INFO DAGScheduler: ResultStage 15 (collect at utils.scala:44) finished in 0.007 s
18/08/04 15:04:09 INFO DAGScheduler: Job 9 finished: collect at utils.scala:44, took 0.016229 s
18/08/04 15:04:19 WARN SparkSession$Builder: Using an existing SparkSession; some configuration may not take effect.
18/08/04 15:04:19 INFO SparkSqlParser: Parsing command: SELECT *
FROM `flights`
WHERE (`dep_delay` = 2.0)
18/08/04 15:04:19 WARN SparkSession$Builder: Using an existing SparkSession; some configuration may not take effect.
18/08/04 15:04:19 INFO SparkSqlParser: Parsing command: SELECT *
FROM `flights`
WHERE (`dep_delay` = 2.0)
18/08/04 15:04:19 WARN SparkSession$Builder: Using an existing SparkSession; some configuration may not take effect.
18/08/04 15:04:19 INFO SparkSqlParser: Parsing command: SELECT *
FROM `flights`
WHERE (`dep_delay` = 2.0)
LIMIT 10
18/08/04 15:04:19 INFO InMemoryTableScanExec: Predicate isnotnull(dep_delay#208) generates partition filter: ((dep_delay.count#1278 - dep_delay.nullCount#1277) > 0)
18/08/04 15:04:19 INFO InMemoryTableScanExec: Predicate (dep_delay#208 = 2.0) generates partition filter: ((dep_delay.lowerBound#1276 <= 2.0) && (2.0 <= dep_delay.upperBound#1275))
18/08/04 15:04:19 INFO CodeGenerator: Code generated in 10.878981 ms
18/08/04 15:04:19 INFO SparkContext: Starting job: collect at utils.scala:197
18/08/04 15:04:19 INFO DAGScheduler: Got job 10 (collect at utils.scala:197) with 1 output partitions
18/08/04 15:04:19 INFO DAGScheduler: Final stage: ResultStage 16 (collect at utils.scala:197)
18/08/04 15:04:19 INFO DAGScheduler: Parents of final stage: List()
18/08/04 15:04:19 INFO DAGScheduler: Missing parents: List()
18/08/04 15:04:19 INFO DAGScheduler: Submitting ResultStage 16 (MapPartitionsRDD[88] at collect at utils.scala:197), which has no missing parents
18/08/04 15:04:19 INFO MemoryStore: Block broadcast_16 stored as values in memory (estimated size 34.7 KB, free 340.3 MB)
18/08/04 15:04:19 INFO MemoryStore: Block broadcast_16_piece0 stored as bytes in memory (estimated size 12.6 KB, free 340.3 MB)
18/08/04 15:04:19 INFO BlockManagerInfo: Added broadcast_16_piece0 in memory on 127.0.0.1:51754 (size: 12.6 KB, free: 340.4 MB)
18/08/04 15:04:19 INFO SparkContext: Created broadcast 16 from broadcast at DAGScheduler.scala:996
18/08/04 15:04:19 INFO DAGScheduler: Submitting 1 missing tasks from ResultStage 16 (MapPartitionsRDD[88] at collect at utils.scala:197)
18/08/04 15:04:19 INFO TaskSchedulerImpl: Adding task set 16.0 with 1 tasks
18/08/04 15:04:19 INFO BlockManagerInfo: Removed broadcast_13_piece0 on 127.0.0.1:51754 in memory (size: 11.7 KB, free: 340.4 MB)
18/08/04 15:04:19 INFO BlockManagerInfo: Removed broadcast_14_piece0 on 127.0.0.1:51754 in memory (size: 3.7 KB, free: 340.4 MB)
18/08/04 15:04:19 INFO ContextCleaner: Cleaned accumulator 810
18/08/04 15:04:19 INFO ContextCleaner: Cleaned accumulator 811
18/08/04 15:04:19 INFO BlockManagerInfo: Removed broadcast_15_piece0 on 127.0.0.1:51754 in memory (size: 4.6 KB, free: 340.5 MB)
18/08/04 15:04:19 WARN TaskSetManager: Stage 16 contains a task of very large size (27700 KB). The maximum recommended task size is 100 KB.
18/08/04 15:04:19 INFO TaskSetManager: Starting task 0.0 in stage 16.0 (TID 16, localhost, executor driver, partition 0, PROCESS_LOCAL, 28365322 bytes)
18/08/04 15:04:19 INFO Executor: Running task 0.0 in stage 16.0 (TID 16)
18/08/04 15:04:19 INFO BlockManager: Found block rdd_39_0 locally
18/08/04 15:04:19 INFO CodeGenerator: Code generated in 7.523238 ms
18/08/04 15:04:19 INFO CodeGenerator: Code generated in 15.424292 ms
18/08/04 15:04:19 WARN Executor: 1 block locks were not released by TID = 16:
[rdd_39_0]
18/08/04 15:04:19 INFO Executor: Finished task 0.0 in stage 16.0 (TID 16). 2495 bytes result sent to driver
18/08/04 15:04:19 INFO TaskSetManager: Finished task 0.0 in stage 16.0 (TID 16) in 445 ms on localhost (executor driver) (1/1)
18/08/04 15:04:19 INFO TaskSchedulerImpl: Removed TaskSet 16.0, whose tasks have all completed, from pool 
18/08/04 15:04:19 INFO DAGScheduler: ResultStage 16 (collect at utils.scala:197) finished in 0.446 s
18/08/04 15:04:19 INFO DAGScheduler: Job 10 finished: collect at utils.scala:197, took 0.458744 s
18/08/04 15:04:19 INFO CodeGenerator: Code generated in 13.948637 ms
18/08/04 15:04:47 INFO BlockManagerInfo: Removed broadcast_16_piece0 on 127.0.0.1:51754 in memory (size: 12.6 KB, free: 340.5 MB)
18/08/04 15:07:03 WARN SparkSession$Builder: Using an existing SparkSession; some configuration may not take effect.
18/08/04 15:07:03 INFO SparkSqlParser: Parsing command: SELECT *
FROM `flights`
18/08/04 15:07:03 INFO SparkContext: Starting job: count at <unknown>:0
18/08/04 15:07:03 INFO DAGScheduler: Registering RDD 91 (count at <unknown>:0)
18/08/04 15:07:03 INFO DAGScheduler: Got job 11 (count at <unknown>:0) with 1 output partitions
18/08/04 15:07:03 INFO DAGScheduler: Final stage: ResultStage 18 (count at <unknown>:0)
18/08/04 15:07:03 INFO DAGScheduler: Parents of final stage: List(ShuffleMapStage 17)
18/08/04 15:07:03 INFO DAGScheduler: Missing parents: List(ShuffleMapStage 17)
18/08/04 15:07:03 INFO DAGScheduler: Submitting ShuffleMapStage 17 (MapPartitionsRDD[91] at count at <unknown>:0), which has no missing parents
18/08/04 15:07:03 INFO MemoryStore: Block broadcast_17 stored as values in memory (estimated size 30.7 KB, free 340.4 MB)
18/08/04 15:07:03 INFO MemoryStore: Block broadcast_17_piece0 stored as bytes in memory (estimated size 11.7 KB, free 340.4 MB)
18/08/04 15:07:03 INFO BlockManagerInfo: Added broadcast_17_piece0 in memory on 127.0.0.1:51754 (size: 11.7 KB, free: 340.5 MB)
18/08/04 15:07:03 INFO SparkContext: Created broadcast 17 from broadcast at DAGScheduler.scala:996
18/08/04 15:07:03 INFO DAGScheduler: Submitting 1 missing tasks from ShuffleMapStage 17 (MapPartitionsRDD[91] at count at <unknown>:0)
18/08/04 15:07:03 INFO TaskSchedulerImpl: Adding task set 17.0 with 1 tasks
18/08/04 15:07:03 INFO ContextCleaner: Cleaned accumulator 911
18/08/04 15:07:03 WARN TaskSetManager: Stage 17 contains a task of very large size (27700 KB). The maximum recommended task size is 100 KB.
18/08/04 15:07:03 INFO TaskSetManager: Starting task 0.0 in stage 17.0 (TID 17, localhost, executor driver, partition 0, PROCESS_LOCAL, 28365397 bytes)
18/08/04 15:07:03 INFO Executor: Running task 0.0 in stage 17.0 (TID 17)
18/08/04 15:07:03 INFO BlockManager: Found block rdd_39_0 locally
18/08/04 15:07:03 INFO Executor: Finished task 0.0 in stage 17.0 (TID 17). 2171 bytes result sent to driver
18/08/04 15:07:03 INFO TaskSetManager: Finished task 0.0 in stage 17.0 (TID 17) in 356 ms on localhost (executor driver) (1/1)
18/08/04 15:07:03 INFO TaskSchedulerImpl: Removed TaskSet 17.0, whose tasks have all completed, from pool 
18/08/04 15:07:03 INFO DAGScheduler: ShuffleMapStage 17 (count at <unknown>:0) finished in 0.358 s
18/08/04 15:07:03 INFO DAGScheduler: looking for newly runnable stages
18/08/04 15:07:03 INFO DAGScheduler: running: Set()
18/08/04 15:07:03 INFO DAGScheduler: waiting: Set(ResultStage 18)
18/08/04 15:07:03 INFO DAGScheduler: failed: Set()
18/08/04 15:07:03 INFO DAGScheduler: Submitting ResultStage 18 (MapPartitionsRDD[94] at count at <unknown>:0), which has no missing parents
18/08/04 15:07:03 INFO MemoryStore: Block broadcast_18 stored as values in memory (estimated size 7.0 KB, free 340.4 MB)
18/08/04 15:07:03 INFO MemoryStore: Block broadcast_18_piece0 stored as bytes in memory (estimated size 3.7 KB, free 340.4 MB)
18/08/04 15:07:03 INFO BlockManagerInfo: Added broadcast_18_piece0 in memory on 127.0.0.1:51754 (size: 3.7 KB, free: 340.4 MB)
18/08/04 15:07:03 INFO SparkContext: Created broadcast 18 from broadcast at DAGScheduler.scala:996
18/08/04 15:07:03 INFO DAGScheduler: Submitting 1 missing tasks from ResultStage 18 (MapPartitionsRDD[94] at count at <unknown>:0)
18/08/04 15:07:03 INFO TaskSchedulerImpl: Adding task set 18.0 with 1 tasks
18/08/04 15:07:03 INFO TaskSetManager: Starting task 0.0 in stage 18.0 (TID 18, localhost, executor driver, partition 0, ANY, 5947 bytes)
18/08/04 15:07:03 INFO Executor: Running task 0.0 in stage 18.0 (TID 18)
18/08/04 15:07:03 INFO ShuffleBlockFetcherIterator: Getting 1 non-empty blocks out of 1 blocks
18/08/04 15:07:03 INFO ShuffleBlockFetcherIterator: Started 0 remote fetches in 1 ms
18/08/04 15:07:03 INFO Executor: Finished task 0.0 in stage 18.0 (TID 18). 1873 bytes result sent to driver
18/08/04 15:07:03 INFO TaskSetManager: Finished task 0.0 in stage 18.0 (TID 18) in 3 ms on localhost (executor driver) (1/1)
18/08/04 15:07:03 INFO TaskSchedulerImpl: Removed TaskSet 18.0, whose tasks have all completed, from pool 
18/08/04 15:07:03 INFO DAGScheduler: ResultStage 18 (count at <unknown>:0) finished in 0.004 s
18/08/04 15:07:03 INFO DAGScheduler: Job 11 finished: count at <unknown>:0, took 0.371998 s
18/08/04 15:07:43 WARN SparkSession$Builder: Using an existing SparkSession; some configuration may not take effect.
18/08/04 15:07:43 INFO SparkSqlParser: Parsing command: SHOW TABLES
18/08/04 15:07:43 INFO HiveMetaStore: 0: get_database: default
18/08/04 15:07:43 INFO audit: ugi=acorn	ip=unknown-ip-addr	cmd=get_database: default	
18/08/04 15:07:43 INFO HiveMetaStore: 0: get_database: default
18/08/04 15:07:43 INFO audit: ugi=acorn	ip=unknown-ip-addr	cmd=get_database: default	
18/08/04 15:07:43 INFO HiveMetaStore: 0: get_tables: db=default pat=*
18/08/04 15:07:43 INFO audit: ugi=acorn	ip=unknown-ip-addr	cmd=get_tables: db=default pat=*	
18/08/04 15:07:43 INFO SparkContext: Starting job: collect at utils.scala:44
18/08/04 15:07:43 INFO DAGScheduler: Got job 12 (collect at utils.scala:44) with 1 output partitions
18/08/04 15:07:43 INFO DAGScheduler: Final stage: ResultStage 19 (collect at utils.scala:44)
18/08/04 15:07:43 INFO DAGScheduler: Parents of final stage: List()
18/08/04 15:07:43 INFO DAGScheduler: Missing parents: List()
18/08/04 15:07:43 INFO DAGScheduler: Submitting ResultStage 19 (MapPartitionsRDD[100] at map at utils.scala:41), which has no missing parents
18/08/04 15:07:43 INFO MemoryStore: Block broadcast_19 stored as values in memory (estimated size 8.7 KB, free 340.4 MB)
18/08/04 15:07:43 INFO MemoryStore: Block broadcast_19_piece0 stored as bytes in memory (estimated size 4.6 KB, free 340.4 MB)
18/08/04 15:07:43 INFO BlockManagerInfo: Added broadcast_19_piece0 in memory on 127.0.0.1:51754 (size: 4.6 KB, free: 340.4 MB)
18/08/04 15:07:43 INFO SparkContext: Created broadcast 19 from broadcast at DAGScheduler.scala:996
18/08/04 15:07:43 INFO DAGScheduler: Submitting 1 missing tasks from ResultStage 19 (MapPartitionsRDD[100] at map at utils.scala:41)
18/08/04 15:07:43 INFO TaskSchedulerImpl: Adding task set 19.0 with 1 tasks
18/08/04 15:07:43 INFO TaskSetManager: Starting task 0.0 in stage 19.0 (TID 19, localhost, executor driver, partition 0, PROCESS_LOCAL, 6462 bytes)
18/08/04 15:07:43 INFO Executor: Running task 0.0 in stage 19.0 (TID 19)
18/08/04 15:07:43 INFO Executor: Finished task 0.0 in stage 19.0 (TID 19). 1168 bytes result sent to driver
18/08/04 15:07:43 INFO TaskSetManager: Finished task 0.0 in stage 19.0 (TID 19) in 5 ms on localhost (executor driver) (1/1)
18/08/04 15:07:43 INFO TaskSchedulerImpl: Removed TaskSet 19.0, whose tasks have all completed, from pool 
18/08/04 15:07:43 INFO DAGScheduler: ResultStage 19 (collect at utils.scala:44) finished in 0.005 s
18/08/04 15:07:43 INFO DAGScheduler: Job 12 finished: collect at utils.scala:44, took 0.009648 s
18/08/04 15:07:43 WARN SparkSession$Builder: Using an existing SparkSession; some configuration may not take effect.
18/08/04 15:07:43 INFO SparkSqlParser: Parsing command: iris_tbl
18/08/04 15:07:43 WARN SparkSession$Builder: Using an existing SparkSession; some configuration may not take effect.
18/08/04 15:07:43 INFO SparkSqlParser: Parsing command: CACHE TABLE `iris_tbl`
18/08/04 15:07:43 INFO SparkSqlParser: Parsing command: `iris_tbl`
18/08/04 15:07:43 INFO SparkContext: Starting job: sql at <unknown>:0
18/08/04 15:07:43 INFO DAGScheduler: Registering RDD 109 (sql at <unknown>:0)
18/08/04 15:07:43 INFO DAGScheduler: Got job 13 (sql at <unknown>:0) with 1 output partitions
18/08/04 15:07:43 INFO DAGScheduler: Final stage: ResultStage 21 (sql at <unknown>:0)
18/08/04 15:07:43 INFO DAGScheduler: Parents of final stage: List(ShuffleMapStage 20)
18/08/04 15:07:43 INFO DAGScheduler: Missing parents: List(ShuffleMapStage 20)
18/08/04 15:07:43 INFO DAGScheduler: Submitting ShuffleMapStage 20 (MapPartitionsRDD[109] at sql at <unknown>:0), which has no missing parents
18/08/04 15:07:43 INFO MemoryStore: Block broadcast_20 stored as values in memory (estimated size 18.3 KB, free 340.4 MB)
18/08/04 15:07:43 INFO MemoryStore: Block broadcast_20_piece0 stored as bytes in memory (estimated size 8.5 KB, free 340.3 MB)
18/08/04 15:07:43 INFO BlockManagerInfo: Added broadcast_20_piece0 in memory on 127.0.0.1:51754 (size: 8.5 KB, free: 340.4 MB)
18/08/04 15:07:43 INFO SparkContext: Created broadcast 20 from broadcast at DAGScheduler.scala:996
18/08/04 15:07:43 INFO DAGScheduler: Submitting 1 missing tasks from ShuffleMapStage 20 (MapPartitionsRDD[109] at sql at <unknown>:0)
18/08/04 15:07:43 INFO TaskSchedulerImpl: Adding task set 20.0 with 1 tasks
18/08/04 15:07:43 INFO TaskSetManager: Starting task 0.0 in stage 20.0 (TID 20, localhost, executor driver, partition 0, PROCESS_LOCAL, 10003 bytes)
18/08/04 15:07:43 INFO Executor: Running task 0.0 in stage 20.0 (TID 20)
18/08/04 15:07:43 INFO MemoryStore: Block rdd_106_0 stored as values in memory (estimated size 5.6 KB, free 340.3 MB)
18/08/04 15:07:43 INFO BlockManagerInfo: Added rdd_106_0 in memory on 127.0.0.1:51754 (size: 5.6 KB, free: 340.4 MB)
18/08/04 15:07:43 INFO Executor: Finished task 0.0 in stage 20.0 (TID 20). 2491 bytes result sent to driver
18/08/04 15:07:43 INFO TaskSetManager: Finished task 0.0 in stage 20.0 (TID 20) in 11 ms on localhost (executor driver) (1/1)
18/08/04 15:07:43 INFO TaskSchedulerImpl: Removed TaskSet 20.0, whose tasks have all completed, from pool 
18/08/04 15:07:43 INFO DAGScheduler: ShuffleMapStage 20 (sql at <unknown>:0) finished in 0.012 s
18/08/04 15:07:43 INFO DAGScheduler: looking for newly runnable stages
18/08/04 15:07:43 INFO DAGScheduler: running: Set()
18/08/04 15:07:43 INFO DAGScheduler: waiting: Set(ResultStage 21)
18/08/04 15:07:43 INFO DAGScheduler: failed: Set()
18/08/04 15:07:43 INFO DAGScheduler: Submitting ResultStage 21 (MapPartitionsRDD[112] at sql at <unknown>:0), which has no missing parents
18/08/04 15:07:43 INFO MemoryStore: Block broadcast_21 stored as values in memory (estimated size 7.0 KB, free 340.3 MB)
18/08/04 15:07:43 INFO MemoryStore: Block broadcast_21_piece0 stored as bytes in memory (estimated size 3.7 KB, free 340.3 MB)
18/08/04 15:07:43 INFO BlockManagerInfo: Added broadcast_21_piece0 in memory on 127.0.0.1:51754 (size: 3.7 KB, free: 340.4 MB)
18/08/04 15:07:43 INFO SparkContext: Created broadcast 21 from broadcast at DAGScheduler.scala:996
18/08/04 15:07:43 INFO DAGScheduler: Submitting 1 missing tasks from ResultStage 21 (MapPartitionsRDD[112] at sql at <unknown>:0)
18/08/04 15:07:43 INFO TaskSchedulerImpl: Adding task set 21.0 with 1 tasks
18/08/04 15:07:43 INFO TaskSetManager: Starting task 0.0 in stage 21.0 (TID 21, localhost, executor driver, partition 0, ANY, 5955 bytes)
18/08/04 15:07:43 INFO Executor: Running task 0.0 in stage 21.0 (TID 21)
18/08/04 15:07:43 INFO ShuffleBlockFetcherIterator: Getting 1 non-empty blocks out of 1 blocks
18/08/04 15:07:43 INFO ShuffleBlockFetcherIterator: Started 0 remote fetches in 0 ms
18/08/04 15:07:43 INFO Executor: Finished task 0.0 in stage 21.0 (TID 21). 1873 bytes result sent to driver
18/08/04 15:07:43 INFO TaskSetManager: Finished task 0.0 in stage 21.0 (TID 21) in 3 ms on localhost (executor driver) (1/1)
18/08/04 15:07:43 INFO TaskSchedulerImpl: Removed TaskSet 21.0, whose tasks have all completed, from pool 
18/08/04 15:07:43 INFO DAGScheduler: ResultStage 21 (sql at <unknown>:0) finished in 0.004 s
18/08/04 15:07:43 INFO DAGScheduler: Job 13 finished: sql at <unknown>:0, took 0.025486 s
18/08/04 15:07:43 WARN SparkSession$Builder: Using an existing SparkSession; some configuration may not take effect.
18/08/04 15:07:44 INFO SparkSqlParser: Parsing command: SELECT count(*) FROM  `iris_tbl`
18/08/04 15:07:44 INFO SparkContext: Starting job: collect at utils.scala:197
18/08/04 15:07:44 INFO DAGScheduler: Registering RDD 116 (collect at utils.scala:197)
18/08/04 15:07:44 INFO DAGScheduler: Got job 14 (collect at utils.scala:197) with 1 output partitions
18/08/04 15:07:44 INFO DAGScheduler: Final stage: ResultStage 23 (collect at utils.scala:197)
18/08/04 15:07:44 INFO DAGScheduler: Parents of final stage: List(ShuffleMapStage 22)
18/08/04 15:07:44 INFO DAGScheduler: Missing parents: List(ShuffleMapStage 22)
18/08/04 15:07:44 INFO DAGScheduler: Submitting ShuffleMapStage 22 (MapPartitionsRDD[116] at collect at utils.scala:197), which has no missing parents
18/08/04 15:07:44 INFO MemoryStore: Block broadcast_22 stored as values in memory (estimated size 18.3 KB, free 340.3 MB)
18/08/04 15:07:44 INFO MemoryStore: Block broadcast_22_piece0 stored as bytes in memory (estimated size 8.4 KB, free 340.3 MB)
18/08/04 15:07:44 INFO BlockManagerInfo: Added broadcast_22_piece0 in memory on 127.0.0.1:51754 (size: 8.4 KB, free: 340.4 MB)
18/08/04 15:07:44 INFO SparkContext: Created broadcast 22 from broadcast at DAGScheduler.scala:996
18/08/04 15:07:44 INFO DAGScheduler: Submitting 1 missing tasks from ShuffleMapStage 22 (MapPartitionsRDD[116] at collect at utils.scala:197)
18/08/04 15:07:44 INFO TaskSchedulerImpl: Adding task set 22.0 with 1 tasks
18/08/04 15:07:44 INFO TaskSetManager: Starting task 0.0 in stage 22.0 (TID 22, localhost, executor driver, partition 0, PROCESS_LOCAL, 9995 bytes)
18/08/04 15:07:44 INFO Executor: Running task 0.0 in stage 22.0 (TID 22)
18/08/04 15:07:44 INFO BlockManager: Found block rdd_106_0 locally
18/08/04 15:07:44 INFO Executor: Finished task 0.0 in stage 22.0 (TID 22). 1929 bytes result sent to driver
18/08/04 15:07:44 INFO TaskSetManager: Finished task 0.0 in stage 22.0 (TID 22) in 7 ms on localhost (executor driver) (1/1)
18/08/04 15:07:44 INFO TaskSchedulerImpl: Removed TaskSet 22.0, whose tasks have all completed, from pool 
18/08/04 15:07:44 INFO DAGScheduler: ShuffleMapStage 22 (collect at utils.scala:197) finished in 0.007 s
18/08/04 15:07:44 INFO DAGScheduler: looking for newly runnable stages
18/08/04 15:07:44 INFO DAGScheduler: running: Set()
18/08/04 15:07:44 INFO DAGScheduler: waiting: Set(ResultStage 23)
18/08/04 15:07:44 INFO DAGScheduler: failed: Set()
18/08/04 15:07:44 INFO DAGScheduler: Submitting ResultStage 23 (MapPartitionsRDD[119] at collect at utils.scala:197), which has no missing parents
18/08/04 15:07:44 INFO MemoryStore: Block broadcast_23 stored as values in memory (estimated size 7.0 KB, free 340.3 MB)
18/08/04 15:07:44 INFO MemoryStore: Block broadcast_23_piece0 stored as bytes in memory (estimated size 3.7 KB, free 340.3 MB)
18/08/04 15:07:44 INFO BlockManagerInfo: Added broadcast_23_piece0 in memory on 127.0.0.1:51754 (size: 3.7 KB, free: 340.4 MB)
18/08/04 15:07:44 INFO SparkContext: Created broadcast 23 from broadcast at DAGScheduler.scala:996
18/08/04 15:07:44 INFO DAGScheduler: Submitting 1 missing tasks from ResultStage 23 (MapPartitionsRDD[119] at collect at utils.scala:197)
18/08/04 15:07:44 INFO TaskSchedulerImpl: Adding task set 23.0 with 1 tasks
18/08/04 15:07:44 INFO TaskSetManager: Starting task 0.0 in stage 23.0 (TID 23, localhost, executor driver, partition 0, ANY, 5947 bytes)
18/08/04 15:07:44 INFO Executor: Running task 0.0 in stage 23.0 (TID 23)
18/08/04 15:07:44 INFO ShuffleBlockFetcherIterator: Getting 1 non-empty blocks out of 1 blocks
18/08/04 15:07:44 INFO ShuffleBlockFetcherIterator: Started 0 remote fetches in 0 ms
18/08/04 15:07:44 INFO Executor: Finished task 0.0 in stage 23.0 (TID 23). 1794 bytes result sent to driver
18/08/04 15:07:44 INFO DAGScheduler: ResultStage 23 (collect at utils.scala:197) finished in 0.004 s
18/08/04 15:07:44 INFO DAGScheduler: Job 14 finished: collect at utils.scala:197, took 0.019038 s
18/08/04 15:07:44 INFO TaskSetManager: Finished task 0.0 in stage 23.0 (TID 23) in 3 ms on localhost (executor driver) (1/1)
18/08/04 15:07:44 INFO TaskSchedulerImpl: Removed TaskSet 23.0, whose tasks have all completed, from pool 
18/08/04 15:07:44 WARN SparkSession$Builder: Using an existing SparkSession; some configuration may not take effect.
18/08/04 15:07:44 INFO SparkSqlParser: Parsing command: SELECT *
FROM `iris_tbl` AS `zzz4`
WHERE (0 = 1)
18/08/04 15:07:44 WARN SparkSession$Builder: Using an existing SparkSession; some configuration may not take effect.
18/08/04 15:07:44 INFO SparkSqlParser: Parsing command: SHOW TABLES
18/08/04 15:07:44 INFO HiveMetaStore: 0: get_database: default
18/08/04 15:07:44 INFO audit: ugi=acorn	ip=unknown-ip-addr	cmd=get_database: default	
18/08/04 15:07:44 INFO HiveMetaStore: 0: get_database: default
18/08/04 15:07:44 INFO audit: ugi=acorn	ip=unknown-ip-addr	cmd=get_database: default	
18/08/04 15:07:44 INFO HiveMetaStore: 0: get_tables: db=default pat=*
18/08/04 15:07:44 INFO audit: ugi=acorn	ip=unknown-ip-addr	cmd=get_tables: db=default pat=*	
18/08/04 15:09:15 INFO SparkContext: Invoking stop() from shutdown hook
18/08/04 15:09:15 INFO SparkUI: Stopped Spark web UI at http://127.0.0.1:4040
18/08/04 15:09:15 INFO MapOutputTrackerMasterEndpoint: MapOutputTrackerMasterEndpoint stopped!
18/08/04 15:09:15 INFO MemoryStore: MemoryStore cleared
18/08/04 15:09:15 INFO BlockManager: BlockManager stopped
18/08/04 15:09:15 INFO BlockManagerMaster: BlockManagerMaster stopped
18/08/04 15:09:15 INFO OutputCommitCoordinator$OutputCommitCoordinatorEndpoint: OutputCommitCoordinator stopped!
18/08/04 15:09:15 WARN SparkEnv: Exception while deleting Spark temp dir: C:\Users\acorn\AppData\Local\Temp\spark-c7db123b-f965-4ded-a52e-951510ff5e31\userFiles-cd7528f9-e2fc-4d0d-b2f7-19c3355ecb5f
java.io.IOException: Failed to delete: C:\Users\acorn\AppData\Local\Temp\spark-c7db123b-f965-4ded-a52e-951510ff5e31\userFiles-cd7528f9-e2fc-4d0d-b2f7-19c3355ecb5f
	at org.apache.spark.util.Utils$.deleteRecursively(Utils.scala:1010)
	at org.apache.spark.SparkEnv.stop(SparkEnv.scala:102)
	at org.apache.spark.SparkContext$$anonfun$stop$11.apply$mcV$sp(SparkContext.scala:1842)
	at org.apache.spark.util.Utils$.tryLogNonFatalError(Utils.scala:1283)
	at org.apache.spark.SparkContext.stop(SparkContext.scala:1841)
	at org.apache.spark.SparkContext$$anonfun$2.apply$mcV$sp(SparkContext.scala:581)
	at org.apache.spark.util.SparkShutdownHook.run(ShutdownHookManager.scala:216)
	at org.apache.spark.util.SparkShutdownHookManager$$anonfun$runAll$1$$anonfun$apply$mcV$sp$1.apply$mcV$sp(ShutdownHookManager.scala:188)
	at org.apache.spark.util.SparkShutdownHookManager$$anonfun$runAll$1$$anonfun$apply$mcV$sp$1.apply(ShutdownHookManager.scala:188)
	at org.apache.spark.util.SparkShutdownHookManager$$anonfun$runAll$1$$anonfun$apply$mcV$sp$1.apply(ShutdownHookManager.scala:188)
	at org.apache.spark.util.Utils$.logUncaughtExceptions(Utils.scala:1951)
	at org.apache.spark.util.SparkShutdownHookManager$$anonfun$runAll$1.apply$mcV$sp(ShutdownHookManager.scala:188)
	at org.apache.spark.util.SparkShutdownHookManager$$anonfun$runAll$1.apply(ShutdownHookManager.scala:188)
	at org.apache.spark.util.SparkShutdownHookManager$$anonfun$runAll$1.apply(ShutdownHookManager.scala:188)
	at scala.util.Try$.apply(Try.scala:192)
	at org.apache.spark.util.SparkShutdownHookManager.runAll(ShutdownHookManager.scala:188)
	at org.apache.spark.util.SparkShutdownHookManager$$anon$2.run(ShutdownHookManager.scala:178)
	at org.apache.hadoop.util.ShutdownHookManager$1.run(ShutdownHookManager.java:54)
18/08/04 15:09:15 INFO SparkContext: Successfully stopped SparkContext
18/08/04 15:09:15 INFO ShutdownHookManager: Shutdown hook called
18/08/04 15:09:15 INFO ShutdownHookManager: Deleting directory C:\Users\acorn\AppData\Local\Temp\spark-c7db123b-f965-4ded-a52e-951510ff5e31\userFiles-cd7528f9-e2fc-4d0d-b2f7-19c3355ecb5f
18/08/04 15:09:15 ERROR ShutdownHookManager: Exception while deleting Spark temp dir: C:\Users\acorn\AppData\Local\Temp\spark-c7db123b-f965-4ded-a52e-951510ff5e31\userFiles-cd7528f9-e2fc-4d0d-b2f7-19c3355ecb5f
java.io.IOException: Failed to delete: C:\Users\acorn\AppData\Local\Temp\spark-c7db123b-f965-4ded-a52e-951510ff5e31\userFiles-cd7528f9-e2fc-4d0d-b2f7-19c3355ecb5f
	at org.apache.spark.util.Utils$.deleteRecursively(Utils.scala:1010)
	at org.apache.spark.util.ShutdownHookManager$$anonfun$1$$anonfun$apply$mcV$sp$3.apply(ShutdownHookManager.scala:65)
	at org.apache.spark.util.ShutdownHookManager$$anonfun$1$$anonfun$apply$mcV$sp$3.apply(ShutdownHookManager.scala:62)
	at scala.collection.IndexedSeqOptimized$class.foreach(IndexedSeqOptimized.scala:33)
	at scala.collection.mutable.ArrayOps$ofRef.foreach(ArrayOps.scala:186)
	at org.apache.spark.util.ShutdownHookManager$$anonfun$1.apply$mcV$sp(ShutdownHookManager.scala:62)
	at org.apache.spark.util.SparkShutdownHook.run(ShutdownHookManager.scala:216)
	at org.apache.spark.util.SparkShutdownHookManager$$anonfun$runAll$1$$anonfun$apply$mcV$sp$1.apply$mcV$sp(ShutdownHookManager.scala:188)
	at org.apache.spark.util.SparkShutdownHookManager$$anonfun$runAll$1$$anonfun$apply$mcV$sp$1.apply(ShutdownHookManager.scala:188)
	at org.apache.spark.util.SparkShutdownHookManager$$anonfun$runAll$1$$anonfun$apply$mcV$sp$1.apply(ShutdownHookManager.scala:188)
	at org.apache.spark.util.Utils$.logUncaughtExceptions(Utils.scala:1951)
	at org.apache.spark.util.SparkShutdownHookManager$$anonfun$runAll$1.apply$mcV$sp(ShutdownHookManager.scala:188)
	at org.apache.spark.util.SparkShutdownHookManager$$anonfun$runAll$1.apply(ShutdownHookManager.scala:188)
	at org.apache.spark.util.SparkShutdownHookManager$$anonfun$runAll$1.apply(ShutdownHookManager.scala:188)
	at scala.util.Try$.apply(Try.scala:192)
	at org.apache.spark.util.SparkShutdownHookManager.runAll(ShutdownHookManager.scala:188)
	at org.apache.spark.util.SparkShutdownHookManager$$anon$2.run(ShutdownHookManager.scala:178)
	at org.apache.hadoop.util.ShutdownHookManager$1.run(ShutdownHookManager.java:54)
18/08/04 15:09:15 INFO ShutdownHookManager: Deleting directory C:\Users\acorn\AppData\Local\Temp\spark-c7db123b-f965-4ded-a52e-951510ff5e31
18/08/04 15:09:15 ERROR ShutdownHookManager: Exception while deleting Spark temp dir: C:\Users\acorn\AppData\Local\Temp\spark-c7db123b-f965-4ded-a52e-951510ff5e31
java.io.IOException: Failed to delete: C:\Users\acorn\AppData\Local\Temp\spark-c7db123b-f965-4ded-a52e-951510ff5e31
	at org.apache.spark.util.Utils$.deleteRecursively(Utils.scala:1010)
	at org.apache.spark.util.ShutdownHookManager$$anonfun$1$$anonfun$apply$mcV$sp$3.apply(ShutdownHookManager.scala:65)
	at org.apache.spark.util.ShutdownHookManager$$anonfun$1$$anonfun$apply$mcV$sp$3.apply(ShutdownHookManager.scala:62)
	at scala.collection.IndexedSeqOptimized$class.foreach(IndexedSeqOptimized.scala:33)
	at scala.collection.mutable.ArrayOps$ofRef.foreach(ArrayOps.scala:186)
	at org.apache.spark.util.ShutdownHookManager$$anonfun$1.apply$mcV$sp(ShutdownHookManager.scala:62)
	at org.apache.spark.util.SparkShutdownHook.run(ShutdownHookManager.scala:216)
	at org.apache.spark.util.SparkShutdownHookManager$$anonfun$runAll$1$$anonfun$apply$mcV$sp$1.apply$mcV$sp(ShutdownHookManager.scala:188)
	at org.apache.spark.util.SparkShutdownHookManager$$anonfun$runAll$1$$anonfun$apply$mcV$sp$1.apply(ShutdownHookManager.scala:188)
	at org.apache.spark.util.SparkShutdownHookManager$$anonfun$runAll$1$$anonfun$apply$mcV$sp$1.apply(ShutdownHookManager.scala:188)
	at org.apache.spark.util.Utils$.logUncaughtExceptions(Utils.scala:1951)
	at org.apache.spark.util.SparkShutdownHookManager$$anonfun$runAll$1.apply$mcV$sp(ShutdownHookManager.scala:188)
	at org.apache.spark.util.SparkShutdownHookManager$$anonfun$runAll$1.apply(ShutdownHookManager.scala:188)
	at org.apache.spark.util.SparkShutdownHookManager$$anonfun$runAll$1.apply(ShutdownHookManager.scala:188)
	at scala.util.Try$.apply(Try.scala:192)
	at org.apache.spark.util.SparkShutdownHookManager.runAll(ShutdownHookManager.scala:188)
	at org.apache.spark.util.SparkShutdownHookManager$$anon$2.run(ShutdownHookManager.scala:178)
	at org.apache.hadoop.util.ShutdownHookManager$1.run(ShutdownHookManager.java:54)
